[ 2016-05-02T18:35:00+08:00 ] 42.120.161.106 /Home/Orders/index/currency/YBB.html
INFO: [ app_init ] --START--
INFO: Run Behavior\BuildLiteBehavior [ RunTime:0.000000s ]
INFO: [ app_init ] --END-- [ RunTime:0.015625s ]
INFO: [ app_begin ] --START--
INFO: Run Behavior\ReadHtmlCacheBehavior [ RunTime:0.000000s ]
INFO: [ app_begin ] --END-- [ RunTime:0.000000s ]
NOTIC: [8192] Function eregi() is deprecated D:\wwwroot\yuanbao\wwwroot\App\Common\Common\function.php 第 461 行.
SQL: SELECT * FROM `yang_config`  [ RunTime:0.0000s ]
SQL: SELECT * FROM `yang_dividend_config`  [ RunTime:0.0000s ]
SQL: SELECT * FROM `yang_article_category` WHERE ( parent_id = 6 ) LIMIT 4   [ RunTime:0.0000s ]
SQL: SELECT * FROM `yang_article` WHERE ( position_id = 7 ) LIMIT 4   [ RunTime:0.0000s ]
NOTIC: [8] Undefined index: USER_KEY_ID D:\wwwroot\yuanbao\wwwroot\App\Common\Controller\CommonController.class.php 第 76 行.
SQL: SELECT * FROM `yang_currency` WHERE ( is_line=1  ) ORDER BY sort  [ RunTime:0.0000s ]
SQL: SELECT * FROM `yang_currency` WHERE ( currency_mark='YBB' and is_line=1 ) LIMIT 1   [ RunTime:0.0000s ]
SQL: SELECT sum(num) as num,sum(trade_num) as trade_num,`price`,`type`,`status` FROM `yang_orders` WHERE `type` = 'buy' AND `status` IN (0,1) AND `currency_id` = 25 GROUP BY price ORDER BY price desc, add_time asc LIMIT 10   [ RunTime:0.0000s ]
SQL: SELECT sum(num) as num,sum(trade_num) as trade_num,`price`,`type`,`status` FROM `yang_orders` WHERE `type` = 'sell' AND `status` IN (0,1) AND `currency_id` = 25 GROUP BY price ORDER BY price asc, add_time asc LIMIT 10   [ RunTime:0.0000s ]
SQL: SELECT * FROM `yang_trade` WHERE `currency_id` = 25 ORDER BY add_time desc LIMIT 1   [ RunTime:0.0000s ]
SQL: SELECT * FROM `yang_trade` WHERE `currency_id` = 25 AND ( add_time<1462118400 ) ORDER BY add_time desc LIMIT 1   [ RunTime:0.0625s ]
SQL: SELECT * FROM `yang_trade` WHERE `currency_id` = 25 AND ( add_time<1462185300-60*60*24 ) ORDER BY add_time desc LIMIT 1   [ RunTime:0.0000s ]
SQL: SELECT * FROM `yang_trade` WHERE `currency_id` = 25 AND ( add_time<1462185300-60*60*24*7 ) ORDER BY add_time desc LIMIT 1   [ RunTime:0.0000s ]
SQL: SELECT SUM(num) AS tp_sum FROM `yang_trade` WHERE `currency_id` = 25 AND ( add_time>1462185300-60*60*24 ) LIMIT 1   [ RunTime:0.0000s ]
SQL: SELECT SUM(num*price) AS tp_sum FROM `yang_trade` WHERE `currency_id` = 25 AND ( add_time>1462185300-60*60*24 ) LIMIT 1   [ RunTime:0.0000s ]
SQL: SELECT `price` FROM `yang_trade` WHERE `currency_id` = 25 ORDER BY price asc LIMIT 1   [ RunTime:0.0000s ]
SQL: SELECT `price` FROM `yang_trade` WHERE `currency_id` = 25 ORDER BY price desc LIMIT 1   [ RunTime:0.0000s ]
SQL: SELECT `price` FROM `yang_orders` WHERE `currency_id` = 25 AND `type` = 'buy' AND `status` IN (0,1) ORDER BY price desc LIMIT 1   [ RunTime:0.0000s ]
SQL: SELECT `price` FROM `yang_orders` WHERE `currency_id` = 25 AND `type` = 'sell' AND `status` IN (0,1) ORDER BY price asc LIMIT 1   [ RunTime:0.0000s ]
NOTIC: [8] Undefined index: USER_KEY_ID D:\wwwroot\yuanbao\wwwroot\App\Home\Controller\OrdersController.class.php 第 58 行.
SQL: SELECT * FROM `yang_orders` WHERE `currency_id` = 25 AND `status` = 2 ORDER BY trade_time desc LIMIT 20   [ RunTime:0.0000s ]
INFO: [ view_parse ] --START--
INFO: [ template_filter ] --START--
INFO: Run Behavior\ContentReplaceBehavior [ RunTime:0.000000s ]
INFO: [ template_filter ] --END-- [ RunTime:0.000000s ]
NOTIC: [8] Undefined variable: kline_5m D:\wwwroot\yuanbao\wwwroot\App\Runtime\Cache\Home\7c3092abdead99f730e4ea7c43347cbb.php 第 231 行.
NOTIC: [8] Undefined variable: kline_15m D:\wwwroot\yuanbao\wwwroot\App\Runtime\Cache\Home\7c3092abdead99f730e4ea7c43347cbb.php 第 232 行.
NOTIC: [8] Undefined variable: kline_1d D:\wwwroot\yuanbao\wwwroot\App\Runtime\Cache\Home\7c3092abdead99f730e4ea7c43347cbb.php 第 233 行.
NOTIC: [8] Undefined variable: kline_1h D:\wwwroot\yuanbao\wwwroot\App\Runtime\Cache\Home\7c3092abdead99f730e4ea7c43347cbb.php 第 234 行.
NOTIC: [8] Undefined variable: kline_30m D:\wwwroot\yuanbao\wwwroot\App\Runtime\Cache\Home\7c3092abdead99f730e4ea7c43347cbb.php 第 235 行.
NOTIC: [8] Undefined variable: kline_8h D:\wwwroot\yuanbao\wwwroot\App\Runtime\Cache\Home\7c3092abdead99f730e4ea7c43347cbb.php 第 236 行.
INFO: Run Behavior\ParseTemplateBehavior [ RunTime:0.093750s ]
INFO: [ view_parse ] --END-- [ RunTime:0.093750s ]
INFO: [ view_filter ] --START--
INFO: Run Behavior\WriteHtmlCacheBehavior [ RunTime:0.000000s ]
INFO: [ view_filter ] --END-- [ RunTime:0.000000s ]
INFO: [ app_end ] --START--
INFO: Run Behavior\ShowPageTraceBehavior [ RunTime:0.015625s ]
INFO: [ app_end ] --END-- [ RunTime:0.015625s ]

[ 2016-05-02T19:00:59+08:00 ] 61.135.190.221 /
INFO: [ app_init ] --START--
INFO: Run Behavior\BuildLiteBehavior [ RunTime:0.000000s ]
INFO: [ app_init ] --END-- [ RunTime:0.000000s ]
INFO: [ app_begin ] --START--
INFO: Run Behavior\ReadHtmlCacheBehavior [ RunTime:0.000000s ]
INFO: [ app_begin ] --END-- [ RunTime:0.000000s ]
SQL: SELECT * FROM `yang_config`  [ RunTime:0.0000s ]
SQL: SELECT * FROM `yang_dividend_config`  [ RunTime:0.0000s ]
SQL: SELECT * FROM `yang_article_category` WHERE ( parent_id = 6 ) LIMIT 4   [ RunTime:0.0000s ]
SQL: SELECT * FROM `yang_article` WHERE ( position_id = 7 ) LIMIT 4   [ RunTime:0.0000s ]
NOTIC: [8] Undefined index: USER_KEY_ID D:\wwwroot\yuanbao\wwwroot\App\Common\Controller\CommonController.class.php 第 76 行.
SQL: SELECT * FROM `yang_currency` WHERE ( is_line=1  ) ORDER BY sort  [ RunTime:0.0000s ]
SQL: SELECT * FROM `yang_article` INNER JOIN yang_article_category ON yang_article.position_id = yang_article_category.id  WHERE yang_article_category.id = 1 AND ( yang_article.sign = 0 ) ORDER BY add_time desc LIMIT 0,6   [ RunTime:0.0000s ]
SQL: SELECT * FROM `yang_article` INNER JOIN yang_article_category ON yang_article.position_id = yang_article_category.id  WHERE yang_article_category.id = 1 AND ( yang_article.sign = 1 ) ORDER BY add_time desc LIMIT 0,4   [ RunTime:0.0000s ]
SQL: SELECT * FROM `yang_article` INNER JOIN yang_article_category ON yang_article.position_id = yang_article_category.id  WHERE yang_article_category.id = 2 AND ( yang_article.sign = 0 ) ORDER BY add_time desc LIMIT 0,6   [ RunTime:0.0000s ]
SQL: SELECT * FROM `yang_article` INNER JOIN yang_article_category ON yang_article.position_id = yang_article_category.id  WHERE yang_article_category.id = 2 AND ( yang_article.sign = 1 ) ORDER BY add_time desc LIMIT 0,4   [ RunTime:0.0000s ]
SQL: SELECT * FROM `yang_flash` ORDER BY sort LIMIT 6   [ RunTime:0.0000s ]
SQL: SELECT * FROM `yang_currency` WHERE ( is_line=1  ) ORDER BY sort  [ RunTime:0.0000s ]
SQL: SELECT * FROM `yang_trade` WHERE `currency_id` = 25 ORDER BY add_time desc LIMIT 1   [ RunTime:0.0000s ]
SQL: SELECT * FROM `yang_trade` WHERE `currency_id` = 25 AND ( add_time<1462118400 ) ORDER BY add_time desc LIMIT 1   [ RunTime:0.0000s ]
SQL: SELECT * FROM `yang_trade` WHERE `currency_id` = 25 AND ( add_time<1462186859-60*60*24 ) ORDER BY add_time desc LIMIT 1   [ RunTime:0.0156s ]
SQL: SELECT * FROM `yang_trade` WHERE `currency_id` = 25 AND ( add_time<1462186859-60*60*24*7 ) ORDER BY add_time desc LIMIT 1   [ RunTime:0.0000s ]
SQL: SELECT SUM(num) AS tp_sum FROM `yang_trade` WHERE `currency_id` = 25 AND ( add_time>1462186859-60*60*24 ) LIMIT 1   [ RunTime:0.0000s ]
SQL: SELECT SUM(num*price) AS tp_sum FROM `yang_trade` WHERE `currency_id` = 25 AND ( add_time>1462186859-60*60*24 ) LIMIT 1   [ RunTime:0.0000s ]
SQL: SELECT `price` FROM `yang_trade` WHERE `currency_id` = 25 ORDER BY price asc LIMIT 1   [ RunTime:0.0000s ]
SQL: SELECT `price` FROM `yang_trade` WHERE `currency_id` = 25 ORDER BY price desc LIMIT 1   [ RunTime:0.0000s ]
SQL: SELECT `price` FROM `yang_orders` WHERE `currency_id` = 25 AND `type` = 'buy' AND `status` IN (0,1) ORDER BY price desc LIMIT 1   [ RunTime:0.0000s ]
SQL: SELECT `price` FROM `yang_orders` WHERE `currency_id` = 25 AND `type` = 'sell' AND `status` IN (0,1) ORDER BY price asc LIMIT 1   [ RunTime:0.0000s ]
SQL: SELECT * FROM `yang_trade` WHERE `currency_id` = 26 ORDER BY add_time desc LIMIT 1   [ RunTime:0.0000s ]
SQL: SELECT * FROM `yang_trade` WHERE `currency_id` = 26 AND ( add_time<1462118400 ) ORDER BY add_time desc LIMIT 1   [ RunTime:0.0000s ]
SQL: SELECT * FROM `yang_trade` WHERE `currency_id` = 26 AND ( add_time<1462186859-60*60*24 ) ORDER BY add_time desc LIMIT 1   [ RunTime:0.0000s ]
SQL: SELECT * FROM `yang_trade` WHERE `currency_id` = 26 AND ( add_time<1462186859-60*60*24*7 ) ORDER BY add_time desc LIMIT 1   [ RunTime:0.0000s ]
SQL: SELECT SUM(num) AS tp_sum FROM `yang_trade` WHERE `currency_id` = 26 AND ( add_time>1462186859-60*60*24 ) LIMIT 1   [ RunTime:0.0000s ]
SQL: SELECT SUM(num*price) AS tp_sum FROM `yang_trade` WHERE `currency_id` = 26 AND ( add_time>1462186859-60*60*24 ) LIMIT 1   [ RunTime:0.0000s ]
SQL: SELECT `price` FROM `yang_trade` WHERE `currency_id` = 26 ORDER BY price asc LIMIT 1   [ RunTime:0.0000s ]
SQL: SELECT `price` FROM `yang_trade` WHERE `currency_id` = 26 ORDER BY price desc LIMIT 1   [ RunTime:0.0000s ]
SQL: SELECT `price` FROM `yang_orders` WHERE `currency_id` = 26 AND `type` = 'buy' AND `status` IN (0,1) ORDER BY price desc LIMIT 1   [ RunTime:0.0000s ]
SQL: SELECT `price` FROM `yang_orders` WHERE `currency_id` = 26 AND `type` = 'sell' AND `status` IN (0,1) ORDER BY price asc LIMIT 1   [ RunTime:0.0000s ]
SQL: SELECT * FROM `yang_trade` WHERE `currency_id` = 27 ORDER BY add_time desc LIMIT 1   [ RunTime:0.0000s ]
SQL: SELECT * FROM `yang_trade` WHERE `currency_id` = 27 AND ( add_time<1462118400 ) ORDER BY add_time desc LIMIT 1   [ RunTime:0.0000s ]
SQL: SELECT * FROM `yang_trade` WHERE `currency_id` = 27 AND ( add_time<1462186859-60*60*24 ) ORDER BY add_time desc LIMIT 1   [ RunTime:0.0000s ]
SQL: SELECT * FROM `yang_trade` WHERE `currency_id` = 27 AND ( add_time<1462186859-60*60*24*7 ) ORDER BY add_time desc LIMIT 1   [ RunTime:0.0000s ]
SQL: SELECT SUM(num) AS tp_sum FROM `yang_trade` WHERE `currency_id` = 27 AND ( add_time>1462186859-60*60*24 ) LIMIT 1   [ RunTime:0.0000s ]
SQL: SELECT SUM(num*price) AS tp_sum FROM `yang_trade` WHERE `currency_id` = 27 AND ( add_time>1462186859-60*60*24 ) LIMIT 1   [ RunTime:0.0000s ]
SQL: SELECT `price` FROM `yang_trade` WHERE `currency_id` = 27 ORDER BY price asc LIMIT 1   [ RunTime:0.0000s ]
SQL: SELECT `price` FROM `yang_trade` WHERE `currency_id` = 27 ORDER BY price desc LIMIT 1   [ RunTime:0.0000s ]
SQL: SELECT `price` FROM `yang_orders` WHERE `currency_id` = 27 AND `type` = 'buy' AND `status` IN (0,1) ORDER BY price desc LIMIT 1   [ RunTime:0.0000s ]
SQL: SELECT `price` FROM `yang_orders` WHERE `currency_id` = 27 AND `type` = 'sell' AND `status` IN (0,1) ORDER BY price asc LIMIT 1   [ RunTime:0.0000s ]
SQL: SELECT * FROM `yang_trade` WHERE `currency_id` = 28 ORDER BY add_time desc LIMIT 1   [ RunTime:0.0000s ]
SQL: SELECT * FROM `yang_trade` WHERE `currency_id` = 28 AND ( add_time<1462118400 ) ORDER BY add_time desc LIMIT 1   [ RunTime:0.0000s ]
SQL: SELECT * FROM `yang_trade` WHERE `currency_id` = 28 AND ( add_time<1462186859-60*60*24 ) ORDER BY add_time desc LIMIT 1   [ RunTime:0.0000s ]
SQL: SELECT * FROM `yang_trade` WHERE `currency_id` = 28 AND ( add_time<1462186859-60*60*24*7 ) ORDER BY add_time desc LIMIT 1   [ RunTime:0.0000s ]
SQL: SELECT SUM(num) AS tp_sum FROM `yang_trade` WHERE `currency_id` = 28 AND ( add_time>1462186859-60*60*24 ) LIMIT 1   [ RunTime:0.0000s ]
SQL: SELECT SUM(num*price) AS tp_sum FROM `yang_trade` WHERE `currency_id` = 28 AND ( add_time>1462186859-60*60*24 ) LIMIT 1   [ RunTime:0.0000s ]
SQL: SELECT `price` FROM `yang_trade` WHERE `currency_id` = 28 ORDER BY price asc LIMIT 1   [ RunTime:0.0000s ]
SQL: SELECT `price` FROM `yang_trade` WHERE `currency_id` = 28 ORDER BY price desc LIMIT 1   [ RunTime:0.0000s ]
SQL: SELECT `price` FROM `yang_orders` WHERE `currency_id` = 28 AND `type` = 'buy' AND `status` IN (0,1) ORDER BY price desc LIMIT 1   [ RunTime:0.0000s ]
SQL: SELECT `price` FROM `yang_orders` WHERE `currency_id` = 28 AND `type` = 'sell' AND `status` IN (0,1) ORDER BY price asc LIMIT 1   [ RunTime:0.0000s ]
SQL: SELECT * FROM `yang_trade` WHERE `currency_id` = 30 ORDER BY add_time desc LIMIT 1   [ RunTime:0.0000s ]
SQL: SELECT * FROM `yang_trade` WHERE `currency_id` = 30 AND ( add_time<1462118400 ) ORDER BY add_time desc LIMIT 1   [ RunTime:0.0000s ]
SQL: SELECT * FROM `yang_trade` WHERE `currency_id` = 30 AND ( add_time<1462186859-60*60*24 ) ORDER BY add_time desc LIMIT 1   [ RunTime:0.0156s ]
SQL: SELECT * FROM `yang_trade` WHERE `currency_id` = 30 AND ( add_time<1462186859-60*60*24*7 ) ORDER BY add_time desc LIMIT 1   [ RunTime:0.0000s ]
SQL: SELECT SUM(num) AS tp_sum FROM `yang_trade` WHERE `currency_id` = 30 AND ( add_time>1462186859-60*60*24 ) LIMIT 1   [ RunTime:0.0000s ]
SQL: SELECT SUM(num*price) AS tp_sum FROM `yang_trade` WHERE `currency_id` = 30 AND ( add_time>1462186859-60*60*24 ) LIMIT 1   [ RunTime:0.0000s ]
SQL: SELECT `price` FROM `yang_trade` WHERE `currency_id` = 30 ORDER BY price asc LIMIT 1   [ RunTime:0.0000s ]
SQL: SELECT `price` FROM `yang_trade` WHERE `currency_id` = 30 ORDER BY price desc LIMIT 1   [ RunTime:0.0000s ]
SQL: SELECT `price` FROM `yang_orders` WHERE `currency_id` = 30 AND `type` = 'buy' AND `status` IN (0,1) ORDER BY price desc LIMIT 1   [ RunTime:0.0000s ]
SQL: SELECT `price` FROM `yang_orders` WHERE `currency_id` = 30 AND `type` = 'sell' AND `status` IN (0,1) ORDER BY price asc LIMIT 1   [ RunTime:0.0000s ]
SQL: SELECT * FROM `yang_trade` WHERE `currency_id` = 29 ORDER BY add_time desc LIMIT 1   [ RunTime:0.0000s ]
SQL: SELECT * FROM `yang_trade` WHERE `currency_id` = 29 AND ( add_time<1462118400 ) ORDER BY add_time desc LIMIT 1   [ RunTime:0.0000s ]
SQL: SELECT * FROM `yang_trade` WHERE `currency_id` = 29 AND ( add_time<1462186859-60*60*24 ) ORDER BY add_time desc LIMIT 1   [ RunTime:0.0000s ]
SQL: SELECT * FROM `yang_trade` WHERE `currency_id` = 29 AND ( add_time<1462186859-60*60*24*7 ) ORDER BY add_time desc LIMIT 1   [ RunTime:0.0000s ]
SQL: SELECT SUM(num) AS tp_sum FROM `yang_trade` WHERE `currency_id` = 29 AND ( add_time>1462186859-60*60*24 ) LIMIT 1   [ RunTime:0.0000s ]
SQL: SELECT SUM(num*price) AS tp_sum FROM `yang_trade` WHERE `currency_id` = 29 AND ( add_time>1462186859-60*60*24 ) LIMIT 1   [ RunTime:0.0000s ]
SQL: SELECT `price` FROM `yang_trade` WHERE `currency_id` = 29 ORDER BY price asc LIMIT 1   [ RunTime:0.0000s ]
SQL: SELECT `price` FROM `yang_trade` WHERE `currency_id` = 29 ORDER BY price desc LIMIT 1   [ RunTime:0.0000s ]
SQL: SELECT `price` FROM `yang_orders` WHERE `currency_id` = 29 AND `type` = 'buy' AND `status` IN (0,1) ORDER BY price desc LIMIT 1   [ RunTime:0.0000s ]
SQL: SELECT `price` FROM `yang_orders` WHERE `currency_id` = 29 AND `type` = 'sell' AND `status` IN (0,1) ORDER BY price asc LIMIT 1   [ RunTime:0.0000s ]
SQL: SELECT SUM(money) AS tp_sum FROM `yang_trade` LIMIT 1   [ RunTime:0.0000s ]
SQL: SELECT * FROM `yang_link`  [ RunTime:0.0000s ]
SQL: SELECT yang_issue.*,yang_currency.currency_name as name FROM `yang_issue` left join yang_currency on yang_currency.currency_id=yang_issue.currency_id  ORDER BY  id desc   [ RunTime:0.0000s ]
INFO: [ view_parse ] --START--
INFO: [ template_filter ] --START--
INFO: Run Behavior\ContentReplaceBehavior [ RunTime:0.000000s ]
INFO: [ template_filter ] --END-- [ RunTime:0.000000s ]
INFO: Run Behavior\ParseTemplateBehavior [ RunTime:0.140625s ]
INFO: [ view_parse ] --END-- [ RunTime:0.140625s ]
INFO: [ view_filter ] --START--
INFO: Run Behavior\WriteHtmlCacheBehavior [ RunTime:0.000000s ]
INFO: [ view_filter ] --END-- [ RunTime:0.000000s ]
INFO: [ app_end ] --START--
INFO: Run Behavior\ShowPageTraceBehavior [ RunTime:0.015625s ]
INFO: [ app_end ] --END-- [ RunTime:0.015625s ]

[ 2016-05-02T19:09:11+08:00 ] 61.135.190.220 /
INFO: [ app_init ] --START--
INFO: Run Behavior\BuildLiteBehavior [ RunTime:0.000000s ]
INFO: [ app_init ] --END-- [ RunTime:0.000000s ]
INFO: [ app_begin ] --START--
INFO: Run Behavior\ReadHtmlCacheBehavior [ RunTime:0.000000s ]
INFO: [ app_begin ] --END-- [ RunTime:0.000000s ]
SQL: SELECT * FROM `yang_config`  [ RunTime:0.0000s ]
SQL: SELECT * FROM `yang_dividend_config`  [ RunTime:0.0000s ]
SQL: SELECT * FROM `yang_article_category` WHERE ( parent_id = 6 ) LIMIT 4   [ RunTime:0.0000s ]
SQL: SELECT * FROM `yang_article` WHERE ( position_id = 7 ) LIMIT 4   [ RunTime:0.0000s ]
NOTIC: [8] Undefined index: USER_KEY_ID D:\wwwroot\yuanbao\wwwroot\App\Common\Controller\CommonController.class.php 第 76 行.
SQL: SELECT * FROM `yang_currency` WHERE ( is_line=1  ) ORDER BY sort  [ RunTime:0.0000s ]
SQL: SELECT * FROM `yang_article` INNER JOIN yang_article_category ON yang_article.position_id = yang_article_category.id  WHERE yang_article_category.id = 1 AND ( yang_article.sign = 0 ) ORDER BY add_time desc LIMIT 0,6   [ RunTime:0.0000s ]
SQL: SELECT * FROM `yang_article` INNER JOIN yang_article_category ON yang_article.position_id = yang_article_category.id  WHERE yang_article_category.id = 1 AND ( yang_article.sign = 1 ) ORDER BY add_time desc LIMIT 0,4   [ RunTime:0.0000s ]
SQL: SELECT * FROM `yang_article` INNER JOIN yang_article_category ON yang_article.position_id = yang_article_category.id  WHERE yang_article_category.id = 2 AND ( yang_article.sign = 0 ) ORDER BY add_time desc LIMIT 0,6   [ RunTime:0.0156s ]
SQL: SELECT * FROM `yang_article` INNER JOIN yang_article_category ON yang_article.position_id = yang_article_category.id  WHERE yang_article_category.id = 2 AND ( yang_article.sign = 1 ) ORDER BY add_time desc LIMIT 0,4   [ RunTime:0.0000s ]
SQL: SELECT * FROM `yang_flash` ORDER BY sort LIMIT 6   [ RunTime:0.0000s ]
SQL: SELECT * FROM `yang_currency` WHERE ( is_line=1  ) ORDER BY sort  [ RunTime:0.0000s ]
SQL: SELECT * FROM `yang_trade` WHERE `currency_id` = 25 ORDER BY add_time desc LIMIT 1   [ RunTime:0.0000s ]
SQL: SELECT * FROM `yang_trade` WHERE `currency_id` = 25 AND ( add_time<1462118400 ) ORDER BY add_time desc LIMIT 1   [ RunTime:0.0000s ]
SQL: SELECT * FROM `yang_trade` WHERE `currency_id` = 25 AND ( add_time<1462187351-60*60*24 ) ORDER BY add_time desc LIMIT 1   [ RunTime:0.0000s ]
SQL: SELECT * FROM `yang_trade` WHERE `currency_id` = 25 AND ( add_time<1462187351-60*60*24*7 ) ORDER BY add_time desc LIMIT 1   [ RunTime:0.0000s ]
SQL: SELECT SUM(num) AS tp_sum FROM `yang_trade` WHERE `currency_id` = 25 AND ( add_time>1462187351-60*60*24 ) LIMIT 1   [ RunTime:0.0000s ]
SQL: SELECT SUM(num*price) AS tp_sum FROM `yang_trade` WHERE `currency_id` = 25 AND ( add_time>1462187351-60*60*24 ) LIMIT 1   [ RunTime:0.0000s ]
SQL: SELECT `price` FROM `yang_trade` WHERE `currency_id` = 25 ORDER BY price asc LIMIT 1   [ RunTime:0.0000s ]
SQL: SELECT `price` FROM `yang_trade` WHERE `currency_id` = 25 ORDER BY price desc LIMIT 1   [ RunTime:0.0000s ]
SQL: SELECT `price` FROM `yang_orders` WHERE `currency_id` = 25 AND `type` = 'buy' AND `status` IN (0,1) ORDER BY price desc LIMIT 1   [ RunTime:0.0000s ]
SQL: SELECT `price` FROM `yang_orders` WHERE `currency_id` = 25 AND `type` = 'sell' AND `status` IN (0,1) ORDER BY price asc LIMIT 1   [ RunTime:0.0000s ]
SQL: SELECT * FROM `yang_trade` WHERE `currency_id` = 26 ORDER BY add_time desc LIMIT 1   [ RunTime:0.0000s ]
SQL: SELECT * FROM `yang_trade` WHERE `currency_id` = 26 AND ( add_time<1462118400 ) ORDER BY add_time desc LIMIT 1   [ RunTime:0.0000s ]
SQL: SELECT * FROM `yang_trade` WHERE `currency_id` = 26 AND ( add_time<1462187351-60*60*24 ) ORDER BY add_time desc LIMIT 1   [ RunTime:0.0000s ]
SQL: SELECT * FROM `yang_trade` WHERE `currency_id` = 26 AND ( add_time<1462187351-60*60*24*7 ) ORDER BY add_time desc LIMIT 1   [ RunTime:0.0000s ]
SQL: SELECT SUM(num) AS tp_sum FROM `yang_trade` WHERE `currency_id` = 26 AND ( add_time>1462187351-60*60*24 ) LIMIT 1   [ RunTime:0.0000s ]
SQL: SELECT SUM(num*price) AS tp_sum FROM `yang_trade` WHERE `currency_id` = 26 AND ( add_time>1462187351-60*60*24 ) LIMIT 1   [ RunTime:0.0000s ]
SQL: SELECT `price` FROM `yang_trade` WHERE `currency_id` = 26 ORDER BY price asc LIMIT 1   [ RunTime:0.0000s ]
SQL: SELECT `price` FROM `yang_trade` WHERE `currency_id` = 26 ORDER BY price desc LIMIT 1   [ RunTime:0.0000s ]
SQL: SELECT `price` FROM `yang_orders` WHERE `currency_id` = 26 AND `type` = 'buy' AND `status` IN (0,1) ORDER BY price desc LIMIT 1   [ RunTime:0.0000s ]
SQL: SELECT `price` FROM `yang_orders` WHERE `currency_id` = 26 AND `type` = 'sell' AND `status` IN (0,1) ORDER BY price asc LIMIT 1   [ RunTime:0.0000s ]
SQL: SELECT * FROM `yang_trade` WHERE `currency_id` = 27 ORDER BY add_time desc LIMIT 1   [ RunTime:0.0000s ]
SQL: SELECT * FROM `yang_trade` WHERE `currency_id` = 27 AND ( add_time<1462118400 ) ORDER BY add_time desc LIMIT 1   [ RunTime:0.0000s ]
SQL: SELECT * FROM `yang_trade` WHERE `currency_id` = 27 AND ( add_time<1462187351-60*60*24 ) ORDER BY add_time desc LIMIT 1   [ RunTime:0.0000s ]
SQL: SELECT * FROM `yang_trade` WHERE `currency_id` = 27 AND ( add_time<1462187351-60*60*24*7 ) ORDER BY add_time desc LIMIT 1   [ RunTime:0.0000s ]
SQL: SELECT SUM(num) AS tp_sum FROM `yang_trade` WHERE `currency_id` = 27 AND ( add_time>1462187351-60*60*24 ) LIMIT 1   [ RunTime:0.0000s ]
SQL: SELECT SUM(num*price) AS tp_sum FROM `yang_trade` WHERE `currency_id` = 27 AND ( add_time>1462187351-60*60*24 ) LIMIT 1   [ RunTime:0.0000s ]
SQL: SELECT `price` FROM `yang_trade` WHERE `currency_id` = 27 ORDER BY price asc LIMIT 1   [ RunTime:0.0000s ]
SQL: SELECT `price` FROM `yang_trade` WHERE `currency_id` = 27 ORDER BY price desc LIMIT 1   [ RunTime:0.0000s ]
SQL: SELECT `price` FROM `yang_orders` WHERE `currency_id` = 27 AND `type` = 'buy' AND `status` IN (0,1) ORDER BY price desc LIMIT 1   [ RunTime:0.0000s ]
SQL: SELECT `price` FROM `yang_orders` WHERE `currency_id` = 27 AND `type` = 'sell' AND `status` IN (0,1) ORDER BY price asc LIMIT 1   [ RunTime:0.0000s ]
SQL: SELECT * FROM `yang_trade` WHERE `currency_id` = 28 ORDER BY add_time desc LIMIT 1   [ RunTime:0.0000s ]
SQL: SELECT * FROM `yang_trade` WHERE `currency_id` = 28 AND ( add_time<1462118400 ) ORDER BY add_time desc LIMIT 1   [ RunTime:0.0000s ]
SQL: SELECT * FROM `yang_trade` WHERE `currency_id` = 28 AND ( add_time<1462187351-60*60*24 ) ORDER BY add_time desc LIMIT 1   [ RunTime:0.0000s ]
SQL: SELECT * FROM `yang_trade` WHERE `currency_id` = 28 AND ( add_time<1462187351-60*60*24*7 ) ORDER BY add_time desc LIMIT 1   [ RunTime:0.0000s ]
SQL: SELECT SUM(num) AS tp_sum FROM `yang_trade` WHERE `currency_id` = 28 AND ( add_time>1462187351-60*60*24 ) LIMIT 1   [ RunTime:0.0000s ]
SQL: SELECT SUM(num*price) AS tp_sum FROM `yang_trade` WHERE `currency_id` = 28 AND ( add_time>1462187351-60*60*24 ) LIMIT 1   [ RunTime:0.0000s ]
SQL: SELECT `price` FROM `yang_trade` WHERE `currency_id` = 28 ORDER BY price asc LIMIT 1   [ RunTime:0.0000s ]
SQL: SELECT `price` FROM `yang_trade` WHERE `currency_id` = 28 ORDER BY price desc LIMIT 1   [ RunTime:0.0000s ]
SQL: SELECT `price` FROM `yang_orders` WHERE `currency_id` = 28 AND `type` = 'buy' AND `status` IN (0,1) ORDER BY price desc LIMIT 1   [ RunTime:0.0000s ]
SQL: SELECT `price` FROM `yang_orders` WHERE `currency_id` = 28 AND `type` = 'sell' AND `status` IN (0,1) ORDER BY price asc LIMIT 1   [ RunTime:0.0000s ]
SQL: SELECT * FROM `yang_trade` WHERE `currency_id` = 30 ORDER BY add_time desc LIMIT 1   [ RunTime:0.0000s ]
SQL: SELECT * FROM `yang_trade` WHERE `currency_id` = 30 AND ( add_time<1462118400 ) ORDER BY add_time desc LIMIT 1   [ RunTime:0.0000s ]
SQL: SELECT * FROM `yang_trade` WHERE `currency_id` = 30 AND ( add_time<1462187351-60*60*24 ) ORDER BY add_time desc LIMIT 1   [ RunTime:0.0000s ]
SQL: SELECT * FROM `yang_trade` WHERE `currency_id` = 30 AND ( add_time<1462187351-60*60*24*7 ) ORDER BY add_time desc LIMIT 1   [ RunTime:0.0000s ]
SQL: SELECT SUM(num) AS tp_sum FROM `yang_trade` WHERE `currency_id` = 30 AND ( add_time>1462187351-60*60*24 ) LIMIT 1   [ RunTime:0.0000s ]
SQL: SELECT SUM(num*price) AS tp_sum FROM `yang_trade` WHERE `currency_id` = 30 AND ( add_time>1462187351-60*60*24 ) LIMIT 1   [ RunTime:0.0000s ]
SQL: SELECT `price` FROM `yang_trade` WHERE `currency_id` = 30 ORDER BY price asc LIMIT 1   [ RunTime:0.0000s ]
SQL: SELECT `price` FROM `yang_trade` WHERE `currency_id` = 30 ORDER BY price desc LIMIT 1   [ RunTime:0.0000s ]
SQL: SELECT `price` FROM `yang_orders` WHERE `currency_id` = 30 AND `type` = 'buy' AND `status` IN (0,1) ORDER BY price desc LIMIT 1   [ RunTime:0.0000s ]
SQL: SELECT `price` FROM `yang_orders` WHERE `currency_id` = 30 AND `type` = 'sell' AND `status` IN (0,1) ORDER BY price asc LIMIT 1   [ RunTime:0.0000s ]
SQL: SELECT * FROM `yang_trade` WHERE `currency_id` = 29 ORDER BY add_time desc LIMIT 1   [ RunTime:0.0000s ]
SQL: SELECT * FROM `yang_trade` WHERE `currency_id` = 29 AND ( add_time<1462118400 ) ORDER BY add_time desc LIMIT 1   [ RunTime:0.0000s ]
SQL: SELECT * FROM `yang_trade` WHERE `currency_id` = 29 AND ( add_time<1462187351-60*60*24 ) ORDER BY add_time desc LIMIT 1   [ RunTime:0.0000s ]
SQL: SELECT * FROM `yang_trade` WHERE `currency_id` = 29 AND ( add_time<1462187351-60*60*24*7 ) ORDER BY add_time desc LIMIT 1   [ RunTime:0.0000s ]
SQL: SELECT SUM(num) AS tp_sum FROM `yang_trade` WHERE `currency_id` = 29 AND ( add_time>1462187351-60*60*24 ) LIMIT 1   [ RunTime:0.0000s ]
SQL: SELECT SUM(num*price) AS tp_sum FROM `yang_trade` WHERE `currency_id` = 29 AND ( add_time>1462187351-60*60*24 ) LIMIT 1   [ RunTime:0.0000s ]
SQL: SELECT `price` FROM `yang_trade` WHERE `currency_id` = 29 ORDER BY price asc LIMIT 1   [ RunTime:0.0000s ]
SQL: SELECT `price` FROM `yang_trade` WHERE `currency_id` = 29 ORDER BY price desc LIMIT 1   [ RunTime:0.0000s ]
SQL: SELECT `price` FROM `yang_orders` WHERE `currency_id` = 29 AND `type` = 'buy' AND `status` IN (0,1) ORDER BY price desc LIMIT 1   [ RunTime:0.0000s ]
SQL: SELECT `price` FROM `yang_orders` WHERE `currency_id` = 29 AND `type` = 'sell' AND `status` IN (0,1) ORDER BY price asc LIMIT 1   [ RunTime:0.0000s ]
SQL: SELECT SUM(money) AS tp_sum FROM `yang_trade` LIMIT 1   [ RunTime:0.0000s ]
SQL: SELECT * FROM `yang_link`  [ RunTime:0.0000s ]
SQL: SELECT yang_issue.*,yang_currency.currency_name as name FROM `yang_issue` left join yang_currency on yang_currency.currency_id=yang_issue.currency_id  ORDER BY  id desc   [ RunTime:0.0000s ]
INFO: [ view_parse ] --START--
INFO: [ template_filter ] --START--
INFO: Run Behavior\ContentReplaceBehavior [ RunTime:0.000000s ]
INFO: [ template_filter ] --END-- [ RunTime:0.000000s ]
INFO: Run Behavior\ParseTemplateBehavior [ RunTime:0.078125s ]
INFO: [ view_parse ] --END-- [ RunTime:0.078125s ]
INFO: [ view_filter ] --START--
INFO: Run Behavior\WriteHtmlCacheBehavior [ RunTime:0.015625s ]
INFO: [ view_filter ] --END-- [ RunTime:0.015625s ]
INFO: [ app_end ] --START--
INFO: Run Behavior\ShowPageTraceBehavior [ RunTime:0.000000s ]
INFO: [ app_end ] --END-- [ RunTime:0.000000s ]

[ 2016-05-02T19:51:06+08:00 ] 42.156.136.106 /Home/Help/index/article_id/58.html
INFO: [ app_init ] --START--
INFO: Run Behavior\BuildLiteBehavior [ RunTime:0.000000s ]
INFO: [ app_init ] --END-- [ RunTime:0.000000s ]
INFO: [ app_begin ] --START--
INFO: Run Behavior\ReadHtmlCacheBehavior [ RunTime:0.000000s ]
INFO: [ app_begin ] --END-- [ RunTime:0.000000s ]
NOTIC: [8192] Function eregi() is deprecated D:\wwwroot\yuanbao\wwwroot\App\Common\Common\function.php 第 461 行.
SQL: SELECT * FROM `yang_config`  [ RunTime:0.0000s ]
SQL: SELECT * FROM `yang_dividend_config`  [ RunTime:0.0000s ]
SQL: SELECT * FROM `yang_article_category` WHERE ( parent_id = 6 ) LIMIT 4   [ RunTime:0.0000s ]
SQL: SELECT * FROM `yang_article` WHERE ( position_id = 7 ) LIMIT 4   [ RunTime:0.0000s ]
NOTIC: [8] Undefined index: USER_KEY_ID D:\wwwroot\yuanbao\wwwroot\App\Common\Controller\CommonController.class.php 第 76 行.
SQL: SELECT * FROM `yang_currency` WHERE ( is_line=1  ) ORDER BY sort  [ RunTime:0.0000s ]
SQL: SELECT * FROM `yang_article` WHERE `article_id` = 58 LIMIT 1   [ RunTime:0.0625s ]
SQL: SELECT * FROM `yang_article_category` WHERE ( parent_id = 6 )  [ RunTime:0.0000s ]
SQL: SELECT * FROM `yang_article` WHERE ( position_id = 60 )  [ RunTime:0.0000s ]
SQL: SELECT * FROM `yang_article` WHERE ( position_id = 61 )  [ RunTime:0.0000s ]
SQL: SELECT * FROM `yang_article` WHERE ( position_id = 62 )  [ RunTime:0.0000s ]
SQL: SELECT * FROM `yang_article` WHERE ( position_id = 64 )  [ RunTime:0.0000s ]
SQL: SELECT * FROM `yang_article` WHERE ( position_id = 63 )  [ RunTime:0.0000s ]
INFO: [ view_parse ] --START--
INFO: [ template_filter ] --START--
INFO: Run Behavior\ContentReplaceBehavior [ RunTime:0.000000s ]
INFO: [ template_filter ] --END-- [ RunTime:0.000000s ]
INFO: Run Behavior\ParseTemplateBehavior [ RunTime:0.140625s ]
INFO: [ view_parse ] --END-- [ RunTime:0.140625s ]
INFO: [ view_filter ] --START--
INFO: Run Behavior\WriteHtmlCacheBehavior [ RunTime:0.015625s ]
INFO: [ view_filter ] --END-- [ RunTime:0.015625s ]
INFO: [ app_end ] --START--
INFO: Run Behavior\ShowPageTraceBehavior [ RunTime:0.015625s ]
INFO: [ app_end ] --END-- [ RunTime:0.015625s ]

[ 2016-05-02T19:51:06+08:00 ] 42.156.137.106 /Home/Orders/index/currency/btc.html
INFO: [ app_init ] --START--
INFO: Run Behavior\BuildLiteBehavior [ RunTime:0.000000s ]
INFO: [ app_init ] --END-- [ RunTime:0.000000s ]
INFO: [ app_begin ] --START--
INFO: Run Behavior\ReadHtmlCacheBehavior [ RunTime:0.000000s ]
INFO: [ app_begin ] --END-- [ RunTime:0.000000s ]
NOTIC: [8192] Function eregi() is deprecated D:\wwwroot\yuanbao\wwwroot\App\Common\Common\function.php 第 461 行.
SQL: SELECT * FROM `yang_config`  [ RunTime:0.0000s ]
SQL: SELECT * FROM `yang_dividend_config`  [ RunTime:0.0000s ]
SQL: SELECT * FROM `yang_article_category` WHERE ( parent_id = 6 ) LIMIT 4   [ RunTime:0.0000s ]
SQL: SELECT * FROM `yang_article` WHERE ( position_id = 7 ) LIMIT 4   [ RunTime:0.0000s ]
NOTIC: [8] Undefined index: USER_KEY_ID D:\wwwroot\yuanbao\wwwroot\App\Common\Controller\CommonController.class.php 第 76 行.
SQL: SELECT * FROM `yang_currency` WHERE ( is_line=1  ) ORDER BY sort  [ RunTime:0.0000s ]
SQL: SELECT * FROM `yang_currency` WHERE ( currency_mark='btc' and is_line=1 ) LIMIT 1   [ RunTime:0.0469s ]
SQL: SELECT sum(num) as num,sum(trade_num) as trade_num,`price`,`type`,`status` FROM `yang_orders` WHERE `type` = 'buy' AND `status` IN (0,1) AND `currency_id` = 28 GROUP BY price ORDER BY price desc, add_time asc LIMIT 10   [ RunTime:0.0000s ]
SQL: SELECT sum(num) as num,sum(trade_num) as trade_num,`price`,`type`,`status` FROM `yang_orders` WHERE `type` = 'sell' AND `status` IN (0,1) AND `currency_id` = 28 GROUP BY price ORDER BY price asc, add_time asc LIMIT 10   [ RunTime:0.0000s ]
SQL: SELECT * FROM `yang_trade` WHERE `currency_id` = 28 ORDER BY add_time desc LIMIT 1   [ RunTime:0.0000s ]
SQL: SELECT * FROM `yang_trade` WHERE `currency_id` = 28 AND ( add_time<1462118400 ) ORDER BY add_time desc LIMIT 1   [ RunTime:0.0000s ]
SQL: SELECT * FROM `yang_trade` WHERE `currency_id` = 28 AND ( add_time<1462189865-60*60*24 ) ORDER BY add_time desc LIMIT 1   [ RunTime:0.0469s ]
SQL: SELECT * FROM `yang_trade` WHERE `currency_id` = 28 AND ( add_time<1462189865-60*60*24*7 ) ORDER BY add_time desc LIMIT 1   [ RunTime:0.0000s ]
SQL: SELECT SUM(num) AS tp_sum FROM `yang_trade` WHERE `currency_id` = 28 AND ( add_time>1462189865-60*60*24 ) LIMIT 1   [ RunTime:0.0000s ]
SQL: SELECT SUM(num*price) AS tp_sum FROM `yang_trade` WHERE `currency_id` = 28 AND ( add_time>1462189865-60*60*24 ) LIMIT 1   [ RunTime:0.0000s ]
SQL: SELECT `price` FROM `yang_trade` WHERE `currency_id` = 28 ORDER BY price asc LIMIT 1   [ RunTime:0.0000s ]
SQL: SELECT `price` FROM `yang_trade` WHERE `currency_id` = 28 ORDER BY price desc LIMIT 1   [ RunTime:0.0000s ]
SQL: SELECT `price` FROM `yang_orders` WHERE `currency_id` = 28 AND `type` = 'buy' AND `status` IN (0,1) ORDER BY price desc LIMIT 1   [ RunTime:0.0000s ]
SQL: SELECT `price` FROM `yang_orders` WHERE `currency_id` = 28 AND `type` = 'sell' AND `status` IN (0,1) ORDER BY price asc LIMIT 1   [ RunTime:0.0000s ]
SQL: SELECT `currency_name`,`currency_mark`,`currency_buy_fee`,`currency_sell_fee` FROM `yang_currency` WHERE `currency_id` = 26 LIMIT 1   [ RunTime:0.0000s ]
NOTIC: [8] Undefined index: USER_KEY_ID D:\wwwroot\yuanbao\wwwroot\App\Home\Controller\OrdersController.class.php 第 58 行.
SQL: SELECT * FROM `yang_orders` WHERE `currency_id` = 28 AND `status` = 2 ORDER BY trade_time desc LIMIT 20   [ RunTime:0.0000s ]
INFO: [ view_parse ] --START--
INFO: [ template_filter ] --START--
INFO: Run Behavior\ContentReplaceBehavior [ RunTime:0.000000s ]
INFO: [ template_filter ] --END-- [ RunTime:0.000000s ]
NOTIC: [8] Undefined variable: kline_5m D:\wwwroot\yuanbao\wwwroot\App\Runtime\Cache\Home\7c3092abdead99f730e4ea7c43347cbb.php 第 231 行.
NOTIC: [8] Undefined variable: kline_15m D:\wwwroot\yuanbao\wwwroot\App\Runtime\Cache\Home\7c3092abdead99f730e4ea7c43347cbb.php 第 232 行.
NOTIC: [8] Undefined variable: kline_1d D:\wwwroot\yuanbao\wwwroot\App\Runtime\Cache\Home\7c3092abdead99f730e4ea7c43347cbb.php 第 233 行.
NOTIC: [8] Undefined variable: kline_1h D:\wwwroot\yuanbao\wwwroot\App\Runtime\Cache\Home\7c3092abdead99f730e4ea7c43347cbb.php 第 234 行.
NOTIC: [8] Undefined variable: kline_30m D:\wwwroot\yuanbao\wwwroot\App\Runtime\Cache\Home\7c3092abdead99f730e4ea7c43347cbb.php 第 235 行.
NOTIC: [8] Undefined variable: kline_8h D:\wwwroot\yuanbao\wwwroot\App\Runtime\Cache\Home\7c3092abdead99f730e4ea7c43347cbb.php 第 236 行.
INFO: Run Behavior\ParseTemplateBehavior [ RunTime:0.156250s ]
INFO: [ view_parse ] --END-- [ RunTime:0.156250s ]
INFO: [ view_filter ] --START--
INFO: Run Behavior\WriteHtmlCacheBehavior [ RunTime:0.015625s ]
INFO: [ view_filter ] --END-- [ RunTime:0.015625s ]
INFO: [ app_end ] --START--
INFO: Run Behavior\ShowPageTraceBehavior [ RunTime:0.000000s ]
INFO: [ app_end ] --END-- [ RunTime:0.000000s ]

[ 2016-05-02T19:51:06+08:00 ] 42.156.139.106 /Home/Art/index/ramdon_id/1.html
INFO: [ app_init ] --START--
INFO: Run Behavior\BuildLiteBehavior [ RunTime:0.000000s ]
INFO: [ app_init ] --END-- [ RunTime:0.000000s ]
INFO: [ app_begin ] --START--
INFO: Run Behavior\ReadHtmlCacheBehavior [ RunTime:0.000000s ]
INFO: [ app_begin ] --END-- [ RunTime:0.000000s ]
NOTIC: [8192] Function eregi() is deprecated D:\wwwroot\yuanbao\wwwroot\App\Common\Common\function.php 第 461 行.
SQL: SELECT * FROM `yang_config`  [ RunTime:0.0000s ]
SQL: SELECT * FROM `yang_dividend_config`  [ RunTime:0.0000s ]
SQL: SELECT * FROM `yang_article_category` WHERE ( parent_id = 6 ) LIMIT 4   [ RunTime:0.0000s ]
SQL: SELECT * FROM `yang_article` WHERE ( position_id = 7 ) LIMIT 4   [ RunTime:0.0000s ]
NOTIC: [8] Undefined index: USER_KEY_ID D:\wwwroot\yuanbao\wwwroot\App\Common\Controller\CommonController.class.php 第 76 行.
SQL: SELECT * FROM `yang_currency` WHERE ( is_line=1  ) ORDER BY sort  [ RunTime:0.0000s ]
SQL: SELECT COUNT(*) AS tp_count FROM `yang_article` WHERE `position_id` IN ('1','2') LIMIT 1   [ RunTime:0.0938s ]
SQL: SELECT * FROM `yang_article` WHERE `position_id` IN ('1','2') ORDER BY add_time desc LIMIT 0,10   [ RunTime:0.0938s ]
INFO: [ view_parse ] --START--
INFO: [ template_filter ] --START--
INFO: Run Behavior\ContentReplaceBehavior [ RunTime:0.000000s ]
INFO: [ template_filter ] --END-- [ RunTime:0.000000s ]
INFO: Run Behavior\ParseTemplateBehavior [ RunTime:0.125000s ]
INFO: [ view_parse ] --END-- [ RunTime:0.125000s ]
INFO: [ view_filter ] --START--
INFO: Run Behavior\WriteHtmlCacheBehavior [ RunTime:0.000000s ]
INFO: [ view_filter ] --END-- [ RunTime:0.000000s ]
INFO: [ app_end ] --START--
INFO: Run Behavior\ShowPageTraceBehavior [ RunTime:0.000000s ]
INFO: [ app_end ] --END-- [ RunTime:0.000000s ]

efined index: guanwang_url D:\wwwroot\yuanbao\wwwroot\App\Runtime\Cache\Home\bafd92dd2ca766b9e3429bf573027909.php 第 283 行.
NOTIC: [8] Undefined variable: page D:\wwwroot\yuanbao\wwwroot\App\Runtime\Cache\Home\bafd92dd2ca766b9e3429bf573027909.php 第 304 行.
INFO: Run Behavior\ParseTemplateBehavior [ RunTime:0.218750s ]
INFO: [ view_parse ] --END-- [ RunTime:0.218750s ]
INFO: [ view_filter ] --START--
INFO: Run Behavior\WriteHtmlCacheBehavior [ RunTime:0.015625s ]
INFO: [ view_filter ] --END-- [ RunTime:0.015625s ]
INFO: [ app_end ] --START--
INFO: Run Behavior\ShowPageTraceBehavior [ RunTime:0.015625s ]
INFO: [ app_end ] --END-- [ RunTime:0.015625s ]

 [ RunTime:0.0000s ]
SQL: SELECT `currency_id`,`currency_name`,`currency_logo`,`currency_mark` FROM `yang_currency` WHERE `currency_id` <> '29' AND `is_line` = 1  [ RunTime:0.0000s ]
SQL: SELECT `price` FROM `yang_orders` WHERE `currency_id` = 25 ORDER BY add_time desc LIMIT 1   [ RunTime:0.0000s ]
SQL: SELECT `price` FROM `yang_orders` WHERE `currency_id` = 26 ORDER BY add_time desc LIMIT 1   [ RunTime:0.0000s ]
SQL: SELECT `price` FROM `yang_orders` WHERE `currency_id` = 27 ORDER BY add_time desc LIMIT 1   [ RunTime:0.0000s ]
SQL: SELECT `price` FROM `yang_orders` WHERE `currency_id` = 28 ORDER BY add_time desc LIMIT 1   [ RunTime:0.0000s ]
SQL: SELECT `price` FROM `yang_orders` WHERE `currency_id` = 30 ORDER BY add_time desc LIMIT 1   [ RunTime:0.0000s ]
INFO: [ view_parse ] --START--
INFO: [ template_filter ] --START--
INFO: Run Behavior\ContentReplaceBehavior [ RunTime:0.000000s ]
INFO: [ template_filter ] --END-- [ RunTime:0.000000s ]
NOTIC: [8] Undefined index: bili D:\wwwroot\yuanbao\wwwroot\App\Runtime\Cache\Home\9dbed52be931137a19541fb987f23d07.php 第 341 行.
INFO: Run Behavior\ParseTemplateBehavior [ RunTime:0.156250s ]
INFO: [ view_parse ] --END-- [ RunTime:0.156250s ]
INFO: [ view_filter ] --START--
INFO: Run Behavior\WriteHtmlCacheBehavior [ RunTime:0.031250s ]
INFO: [ view_filter ] --END-- [ RunTime:0.031250s ]
INFO: [ app_end ] --START--
INFO: Run Behavior\ShowPageTraceBehavior [ RunTime:0.000000s ]
INFO: [ app_end ] --END-- [ RunTime:0.000000s ]

[ 2016-05-02T19:51:25+08:00 ] 42.120.160.106 /Home/Orders/index/currency/btc.html
INFO: [ app_init ] --START--
INFO: Run Behavior\BuildLiteBehavior [ RunTime:0.000000s ]
INFO: [ app_init ] --END-- [ RunTime:0.000000s ]
INFO: [ app_begin ] --START--
INFO: Run Behavior\ReadHtmlCacheBehavior [ RunTime:0.000000s ]
INFO: [ app_begin ] --END-- [ RunTime:0.000000s ]
NOTIC: [8192] Function eregi() is deprecated D:\wwwroot\yuanbao\wwwroot\App\Common\Common\function.php 第 461 行.
SQL: SELECT * FROM `yang_config`  [ RunTime:0.0000s ]
SQL: SELECT * FROM `yang_dividend_config`  [ RunTime:0.0000s ]
SQL: SELECT * FROM `yang_article_category` WHERE ( parent_id = 6 ) LIMIT 4   [ RunTime:0.0000s ]
SQL: SELECT * FROM `yang_article` WHERE ( position_id = 7 ) LIMIT 4   [ RunTime:0.0000s ]
NOTIC: [8] Undefined index: USER_KEY_ID D:\wwwroot\yuanbao\wwwroot\App\Common\Controller\CommonController.class.php 第 76 行.
SQL: SELECT * FROM `yang_currency` WHERE ( is_line=1  ) ORDER BY sort  [ RunTime:0.0000s ]
SQL: SELECT * FROM `yang_currency` WHERE ( currency_mark='btc' and is_line=1 ) LIMIT 1   [ RunTime:0.0000s ]
SQL: SELECT sum(num) as num,sum(trade_num) as trade_num,`price`,`type`,`status` FROM `yang_orders` WHERE `type` = 'buy' AND `status` IN (0,1) AND `currency_id` = 28 GROUP BY price ORDER BY price desc, add_time asc LIMIT 10   [ RunTime:0.0000s ]
SQL: SELECT sum(num) as num,sum(trade_num) as trade_num,`price`,`type`,`status` FROM `yang_orders` WHERE `type` = 'sell' AND `status` IN (0,1) AND `currency_id` = 28 GROUP BY price ORDER BY price asc, add_time asc LIMIT 10   [ RunTime:0.0000s ]
SQL: SELECT * FROM `yang_trade` WHERE `currency_id` = 28 ORDER BY add_time desc LIMIT 1   [ RunTime:0.0000s ]
SQL: SELECT * FROM `yang_trade` WHERE `currency_id` = 28 AND ( add_time<1462118400 ) ORDER BY add_time desc LIMIT 1   [ RunTime:0.0000s ]
SQL: SELECT * FROM `yang_trade` WHERE `currency_id` = 28 AND ( add_time<1462189885-60*60*24 ) ORDER BY add_time desc LIMIT 1   [ RunTime:0.0000s ]
SQL: SELECT * FROM `yang_trade` WHERE `currency_id` = 28 AND ( add_time<1462189885-60*60*24*7 ) ORDER BY add_time desc LIMIT 1   [ RunTime:0.0000s ]
SQL: SELECT SUM(num) AS tp_sum FROM `yang_trade` WHERE `currency_id` = 28 AND ( add_time>1462189885-60*60*24 ) LIMIT 1   [ RunTime:0.0000s ]
SQL: SELECT SUM(num*price) AS tp_sum FROM `yang_trade` WHERE `currency_id` = 28 AND ( add_time>1462189885-60*60*24 ) LIMIT 1   [ RunTime:0.0000s ]
SQL: SELECT `price` FROM `yang_trade` WHERE `currency_id` = 28 ORDER BY price asc LIMIT 1   [ RunTime:0.0000s ]
SQL: SELECT `price` FROM `yang_trade` WHERE `currency_id` = 28 ORDER BY price desc LIMIT 1   [ RunTime:0.0000s ]
SQL: SELECT `price` FROM `yang_orders` WHERE `currency_id` = 28 AND `type` = 'buy' AND `status` IN (0,1) ORDER BY price desc LIMIT 1   [ RunTime:0.0000s ]
SQL: SELECT `price` FROM `yang_orders` WHERE `currency_id` = 28 AND `type` = 'sell' AND `status` IN (0,1) ORDER BY price asc LIMIT 1   [ RunTime:0.0000s ]
SQL: SELECT `currency_name`,`currency_mark`,`currency_buy_fee`,`currency_sell_fee` FROM `yang_currency` WHERE `currency_id` = 26 LIMIT 1   [ RunTime:0.0000s ]
NOTIC: [8] Undefined index: USER_KEY_ID D:\wwwroot\yuanbao\wwwroot\App\Home\Controller\OrdersController.class.php 第 58 行.
SQL: SELECT * FROM `yang_orders` WHERE `currency_id` = 28 AND `status` = 2 ORDER BY trade_time desc LIMIT 20   [ RunTime:0.0000s ]
INFO: [ view_parse ] --START--
INFO: [ template_filter ] --START--
INFO: Run Behavior\ContentReplaceBehavior [ RunTime:0.000000s ]
INFO: [ template_filter ] --END-- [ RunTime:0.000000s ]
NOTIC: [8] Undefined variable: kline_5m D:\wwwroot\yuanbao\wwwroot\App\Runtime\Cache\Home\7c3092abdead99f730e4ea7c43347cbb.php 第 231 行.
NOTIC: [8] Undefined variable: kline_15m D:\wwwroot\yuanbao\wwwroot\App\Runtime\Cache\Home\7c3092abdead99f730e4ea7c43347cbb.php 第 232 行.
NOTIC: [8] Undefined variable: kline_1d D:\wwwroot\yuanbao\wwwroot\App\Runtime\Cache\Home\7c3092abdead99f730e4ea7c43347cbb.php 第 233 行.
NOTIC: [8] Undefined variable: kline_1h D:\wwwroot\yuanbao\wwwroot\App\Runtime\Cache\Home\7c3092abdead99f730e4ea7c43347cbb.php 第 234 行.
NOTIC: [8] Undefined variable: kline_30m D:\wwwroot\yuanbao\wwwroot\App\Runtime\Cache\Home\7c3092abdead99f730e4ea7c43347cbb.php 第 235 行.
NOTIC: [8] Undefined variable: kline_8h D:\wwwroot\yuanbao\wwwroot\App\Runtime\Cache\Home\7c3092abdead99f730e4ea7c43347cbb.php 第 236 行.
INFO: Run Behavior\ParseTemplateBehavior [ RunTime:0.046875s ]
INFO: [ view_parse ] --END-- [ RunTime:0.046875s ]
INFO: [ view_filter ] --START--
INFO: Run Behavior\WriteHtmlCacheBehavior [ RunTime:0.000000s ]
INFO: [ view_filter ] --END-- [ RunTime:0.000000s ]
INFO: [ app_end ] --START--
INFO: Run Behavior\ShowPageTraceBehavior [ RunTime:0.000000s ]
INFO: [ app_end ] --END-- [ RunTime:0.000000s ]

[ 2016-05-02T19:51:25+08:00 ] 42.156.137.106 /Home/Market/index/coin/hbd.html
INFO: [ app_init ] --START--
INFO: Run Behavior\BuildLiteBehavior [ RunTime:0.000000s ]
INFO: [ app_init ] --END-- [ RunTime:0.000000s ]
INFO: [ app_begin ] --START--
INFO: Run Behavior\ReadHtmlCacheBehavior [ RunTime:0.000000s ]
INFO: [ app_begin ] --END-- [ RunTime:0.000000s ]
NOTIC: [8192] Function eregi() is deprecated D:\wwwroot\yuanbao\wwwroot\App\Common\Common\function.php 第 461 行.
SQL: SELECT * FROM `yang_config`  [ RunTime:0.0000s ]
SQL: SELECT * FROM `yang_dividend_config`  [ RunTime:0.0000s ]
SQL: SELECT * FROM `yang_article_category` WHERE ( parent_id = 6 ) LIMIT 4   [ RunTime:0.0000s ]
SQL: SELECT * FROM `yang_article` WHERE ( position_id = 7 ) LIMIT 4   [ RunTime:0.0000s ]
NOTIC: [8] Undefined index: USER_KEY_ID D:\wwwroot\yuanbao\wwwroot\App\Common\Controller\CommonController.class.php 第 76 行.
SQL: SELECT * FROM `yang_currency` WHERE ( is_line=1  ) ORDER BY sort  [ RunTime:0.0000s ]
SQL: SELECT `currency_id`,`currency_name`,`currency_logo`,`currency_mark` FROM `yang_currency` WHERE `currency_mark` = 'hbd' AND `is_line` = 1 ORDER BY sort LIMIT 1   [ RunTime:0.0000s ]
SQL: SELECT MAX(price) AS tp_max FROM `yang_trade` WHERE `currency_id` = 29 LIMIT 1   [ RunTime:0.0000s ]
SQL: SELECT MIN(price) AS tp_min FROM `yang_trade` WHERE `currency_id` = 29 LIMIT 1   [ RunTime:0.0000s ]
SQL: SELECT SUM(num) AS tp_sum FROM `yang_trade` WHERE `currency_id` = 29 LIMIT 1   [ RunTime:0.0000s ]
SQL: SELECT `price` FROM `yang_orders` WHERE `currency_id` = 29 ORDER BY add_time desc LIMIT 1   [ RunTime:0.0000s ]
SQL: SELECT `price` FROM `yang_orders` WHERE `currency_id` = 29 AND `type` = 'buy' AND `status` IN (0,1) ORDER BY price desc LIMIT 1   [ RunTime:0.0000s ]
SQL: SELECT `price` FROM `yang_orders` WHERE `currency_id` = 29 AND `type` = 'sell' AND `status` IN (0,1) ORDER BY price asc LIMIT 1   [ RunTime:0.0000s ]
SQL: SELECT * FROM `yang_trade` WHERE `currency_id` = 29 ORDER BY add_time desc LIMIT 30   [ RunTime:0.0000s ]
SQL: SELECT sum(num) as num,sum(trade_num) as trade_num,`price`,`type`,`status` FROM `yang_orders` WHERE `type` = 'buy' AND `status` IN (0,1) AND `currency_id` = 29 GROUP BY price ORDER BY price desc, add_time asc LIMIT 20   [ RunTime:0.0000s ]
SQL: SELECT sum(num) as num,sum(trade_num) as trade_num,`price`,`type`,`status` FROM `yang_orders` WHERE `type` = 'sell' AND `status` IN (0,1) AND `currency_id` = 29 GROUP BY price ORDER BY price asc, add_time asc LIMIT 20   [ RunTime:0.0000s ]
SQL: SELECT `currency_id`,`currency_name`,`currency_logo`,`currency_mark` FROM `yang_currency` WHERE `currency_id` <> '29' AND `is_line` = 1  [ RunTime:0.0000s ]
SQL: SELECT `price` FROM `yang_orders` WHERE `currency_id` = 25 ORDER BY add_time desc LIMIT 1   [ RunTime:0.0000s ]
SQL: SELECT `price` FROM `yang_orders` WHERE `currency_id` = 26 ORDER BY add_time desc LIMIT 1   [ RunTime:0.0000s ]
SQL: SELECT `price` FROM `yang_orders` WHERE `currency_id` = 27 ORDER BY add_time desc LIMIT 1   [ RunTime:0.0000s ]
SQL: SELECT `price` FROM `yang_orders` WHERE `currency_id` = 28 ORDER BY add_time desc LIMIT 1   [ RunTime:0.0000s ]
SQL: SELECT `price` FROM `yang_orders` WHERE `currency_id` = 30 ORDER BY add_time desc LIMIT 1   [ RunTime:0.0000s ]
INFO: [ view_parse ] --START--
INFO: [ template_filter ] --START--
INFO: Run Behavior\ContentReplaceBehavior [ RunTime:0.000000s ]
INFO: [ template_filter ] --END-- [ RunTime:0.000000s ]
NOTIC: [8] Undefined index: bili D:\wwwroot\yuanbao\wwwroot\App\Runtime\Cache\Home\9dbed52be931137a19541fb987f23d07.php 第 341 行.
INFO: Run Behavior\ParseTemplateBehavior [ RunTime:0.062500s ]
INFO: [ view_parse ] --END-- [ RunTime:0.062500s ]
INFO: [ view_filter ] --START--
INFO: Run Behavior\WriteHtmlCacheBehavior [ RunTime:0.000000s ]
INFO: [ view_filter ] --END-- [ RunTime:0.000000s ]
INFO: [ app_end ] --START--
INFO: Run Behavior\ShowPageTraceBehavior [ RunTime:0.000000s ]
INFO: [ app_end ] --END-- [ RunTime:0.000000s ]

