[ 2016-05-01T00:45:40+08:00 ] 111.161.17.65 /favicon.ico
INFO: [ app_init ] --START--
INFO: Run Behavior\BuildLiteBehavior [ RunTime:0.000000s ]
INFO: [ app_init ] --END-- [ RunTime:0.000000s ]
ERR: 娉杞芥ā:Favicon

[ 2016-05-01T08:56:09+08:00 ] 121.15.114.158 /favicon.ico
INFO: [ app_init ] --START--
INFO: Run Behavior\BuildLiteBehavior [ RunTime:0.000000s ]
INFO: [ app_init ] --END-- [ RunTime:0.000000s ]
ERR: 娉杞芥ā:Favicon

[ 2016-05-01T09:13:03+08:00 ] 111.161.17.65 /favicon.ico
INFO: [ app_init ] --START--
INFO: Run Behavior\BuildLiteBehavior [ RunTime:0.000000s ]
INFO: [ app_init ] --END-- [ RunTime:0.000000s ]
ERR: 娉杞芥ā:Favicon

[ 2016-05-01T10:26:53+08:00 ] 117.140.44.104 /￥2717.80 _ 【火币】虚拟货币交易_比特币交易平台_虚拟币莱特币_比特币官网_files/page_glb_var.js
INFO: [ app_init ] --START--
INFO: Run Behavior\BuildLiteBehavior [ RunTime:0.000000s ]
INFO: [ app_init ] --END-- [ RunTime:0.000000s ]
ERR: 娉杞芥ā:￥2717.80 _ 【火币】虚拟货币交易_比特币交易平台_虚拟币莱特币_比特币官网_files

[ 2016-05-01T10:26:54+08:00 ] 117.140.44.104 /Public/Home/js/dist/page_index.js
INFO: [ app_init ] --START--
INFO: Run Behavior\BuildLiteBehavior [ RunTime:0.000000s ]
INFO: [ app_init ] --END-- [ RunTime:0.000000s ]
ERR: 娉杞芥ā:Public

[ 2016-05-01T13:30:29+08:00 ] 111.161.17.65 /favicon.ico
INFO: [ app_init ] --START--
INFO: Run Behavior\BuildLiteBehavior [ RunTime:0.000000s ]
INFO: [ app_init ] --END-- [ RunTime:0.000000s ]
ERR: 娉杞芥ā:Favicon

[ 2016-05-01T14:56:03+08:00 ] 119.147.225.210 /￥2717.80 _ 【火币】虚拟货币交易_比特币交易平台_虚拟币莱特币_比特币官网_files/page_glb_var.js
INFO: [ app_init ] --START--
INFO: Run Behavior\BuildLiteBehavior [ RunTime:0.000000s ]
INFO: [ app_init ] --END-- [ RunTime:0.000000s ]
ERR: 娉杞芥ā:￥2717.80 _ 【火币】虚拟货币交易_比特币交易平台_虚拟币莱特币_比特币官网_files

[ 2016-05-01T14:56:07+08:00 ] 119.147.225.210 /Public/Home/js/dist/page_index.js
INFO: [ app_init ] --START--
INFO: Run Behavior\BuildLiteBehavior [ RunTime:0.000000s ]
INFO: [ app_init ] --END-- [ RunTime:0.000000s ]
ERR: 娉杞芥ā:Public

[ 2016-05-01T14:56:25+08:00 ] 36.248.42.216 /favicon.ico
INFO: [ app_init ] --START--
INFO: Run Behavior\BuildLiteBehavior [ RunTime:0.000000s ]
INFO: [ app_init ] --END-- [ RunTime:0.000000s ]
ERR: 娉杞芥ā:Favicon

[ 2016-05-01T14:56:59+08:00 ] 36.248.42.216 /Public/Home/js/dist/page_index.js
INFO: [ app_init ] --START--
INFO: Run Behavior\BuildLiteBehavior [ RunTime:0.000000s ]
INFO: [ app_init ] --END-- [ RunTime:0.000000s ]
ERR: 娉杞芥ā:Public

[ 2016-05-01T14:57:15+08:00 ] 36.248.42.216 /js/depth.js?t=0.5099329180084169
INFO: [ app_init ] --START--
INFO: Run Behavior\BuildLiteBehavior [ RunTime:0.000000s ]
INFO: [ app_init ] --END-- [ RunTime:0.000000s ]
ERR: 娉杞芥ā:Js

[ 2016-05-01T19:15:02+08:00 ] 42.156.137.106 /Uploads/Public/Uploads/2016-03-31/新币申请表
INFO: [ app_init ] --START--
INFO: Run Behavior\BuildLiteBehavior [ RunTime:0.000000s ]
INFO: [ app_init ] --END-- [ RunTime:0.000000s ]
ERR: 娉杞芥ā:Uploads

[ 2016-05-01T19:15:12+08:00 ] 42.156.139.106 /Uploads/Public/Uploads/2016-03-31/新币申请表
INFO: [ app_init ] --START--
INFO: Run Behavior\BuildLiteBehavior [ RunTime:0.000000s ]
INFO: [ app_init ] --END-- [ RunTime:0.015625s ]
ERR: 娉杞芥ā:Uploads

[ 2016-05-01T21:07:45+08:00 ] 111.161.17.65 /favicon.ico
INFO: [ app_init ] --START--
INFO: Run Behavior\BuildLiteBehavior [ RunTime:0.000000s ]
INFO: [ app_init ] --END-- [ RunTime:0.000000s ]
ERR: 娉杞芥ā:Favicon

[ 2016-05-01T22:00:51+08:00 ] 175.11.151.187 /favicon.ico
INFO: [ app_init ] --START--
INFO: Run Behavior\BuildLiteBehavior [ RunTime:0.000000s ]
INFO: [ app_init ] --END-- [ RunTime:0.000000s ]
ERR: 娉杞芥ā:Favicon

[ 2016-05-01T22:00:55+08:00 ] 175.11.151.187 /Public/Home/js/dist/page_index.js
INFO: [ app_init ] --START--
INFO: Run Behavior\BuildLiteBehavior [ RunTime:0.000000s ]
INFO: [ app_init ] --END-- [ RunTime:0.000000s ]
ERR: 娉杞芥ā:Public

[ 2016-05-01T22:00:56+08:00 ] 175.11.151.187 /favicon.ico
INFO: [ app_init ] --START--
INFO: Run Behavior\BuildLiteBehavior [ RunTime:0.000000s ]
INFO: [ app_init ] --END-- [ RunTime:0.000000s ]
ERR: 娉杞芥ā:Favicon

[ 2016-05-01T22:01:37+08:00 ] 175.11.151.187 /images/jubi/zhuce.png
INFO: [ app_init ] --START--
INFO: Run Behavior\BuildLiteBehavior [ RunTime:0.000000s ]
INFO: [ app_init ] --END-- [ RunTime:0.000000s ]
ERR: 娉杞芥ā:Images

[ 2016-05-01T22:01:52+08:00 ] 175.11.151.187 /js/depth.js?t=0.6100661244709045
INFO: [ app_init ] --START--
INFO: Run Behavior\BuildLiteBehavior [ RunTime:0.000000s ]
INFO: [ app_init ] --END-- [ RunTime:0.000000s ]
ERR: 娉杞芥ā:Js

[ 2016-05-01T22:02:09+08:00 ] 175.11.151.187 /js/depth.js?t=0.7556484614033252
INFO: [ app_init ] --START--
INFO: Run Behavior\BuildLiteBehavior [ RunTime:0.000000s ]
INFO: [ app_init ] --END-- [ RunTime:0.000000s ]
ERR: 娉杞芥ā:Js

[ 2016-05-01T22:02:29+08:00 ] 175.11.151.187 /images/jubi/now.png
INFO: [ app_init ] --START--
INFO: Run Behavior\BuildLiteBehavior [ RunTime:0.000000s ]
INFO: [ app_init ] --END-- [ RunTime:0.000000s ]
ERR: 娉杞芥ā:Images

[ 2016-05-01T22:03:51+08:00 ] 175.11.151.187 /Uploads/Public/Uploads/2016-03-31/新币申请表
INFO: [ app_init ] --START--
INFO: Run Behavior\BuildLiteBehavior [ RunTime:0.000000s ]
INFO: [ app_init ] --END-- [ RunTime:0.000000s ]
ERR: 娉杞芥ā:Uploads

[ 2016-05-01T22:05:05+08:00 ] 175.11.151.187 /Public/Home/js/dist/page_index.js
INFO: [ app_init ] --START--
INFO: Run Behavior\BuildLiteBehavior [ RunTime:0.000000s ]
INFO: [ app_init ] --END-- [ RunTime:0.000000s ]
ERR: 娉杞芥ā:Public

[ 2016-05-01T22:12:47+08:00 ] 175.11.151.187 /admin1/Manage/index.html
INFO: [ app_init ] --START--
INFO: Run Behavior\BuildLiteBehavior [ RunTime:0.000000s ]
INFO: [ app_init ] --END-- [ RunTime:0.000000s ]
ERR: 娉杞芥ā:Admin1

[ 2016-05-01T22:12:55+08:00 ] 175.11.151.187 /admin1/Manage/index.html
INFO: [ app_init ] --START--
INFO: Run Behavior\BuildLiteBehavior [ RunTime:0.000000s ]
INFO: [ app_init ] --END-- [ RunTime:0.000000s ]
ERR: 娉杞芥ā:Admin1

[ 2016-05-01T22:12:58+08:00 ] 175.11.151.187 /admin1/Manage/index.html?qqdrsign=0433a
INFO: [ app_init ] --START--
INFO: Run Behavior\BuildLiteBehavior [ RunTime:0.000000s ]
INFO: [ app_init ] --END-- [ RunTime:0.000000s ]
ERR: 娉杞芥ā:Admin1

[ 2016-05-01T22:12:59+08:00 ] 175.11.151.187 /admin1/Manage/index.html?qqdrsign=0433a
INFO: [ app_init ] --START--
INFO: Run Behavior\BuildLiteBehavior [ RunTime:0.000000s ]
INFO: [ app_init ] --END-- [ RunTime:0.000000s ]
ERR: 娉杞芥ā:Admin1

[ 2016-05-01T22:17:50+08:00 ] 175.11.151.187 /Public/Home/js/dist/page_index.js
INFO: [ app_init ] --START--
INFO: Run Behavior\BuildLiteBehavior [ RunTime:0.000000s ]
INFO: [ app_init ] --END-- [ RunTime:0.000000s ]
ERR: 娉杞芥ā:Public

[ 2016-05-01T22:30:10+08:00 ] 175.154.100.246 /favicon.ico
INFO: [ app_init ] --START--
INFO: Run Behavior\BuildLiteBehavior [ RunTime:0.000000s ]
INFO: [ app_init ] --END-- [ RunTime:0.000000s ]
ERR: 娉杞芥ā:Favicon

[ 2016-05-01T22:30:15+08:00 ] 175.154.100.246 /favicon.ico
INFO: [ app_init ] --START--
INFO: Run Behavior\BuildLiteBehavior [ RunTime:0.000000s ]
INFO: [ app_init ] --END-- [ RunTime:0.000000s ]
ERR: 娉杞芥ā:Favicon

[ 2016-05-01T22:30:22+08:00 ] 175.154.100.246 /Public/Admin/iconfont/iconfont/iconfont.woff?t=1458976880
INFO: [ app_init ] --START--
INFO: Run Behavior\BuildLiteBehavior [ RunTime:0.000000s ]
INFO: [ app_init ] --END-- [ RunTime:0.000000s ]
ERR: 娉杞芥ā:Public

[ 2016-05-01T22:31:17+08:00 ] 175.154.100.246 /Public/kindeditor/plugins/prettify.js
INFO: [ app_init ] --START--
INFO: Run Behavior\BuildLiteBehavior [ RunTime:0.000000s ]
INFO: [ app_init ] --END-- [ RunTime:0.000000s ]
ERR: 娉杞芥ā:Public

[ 2016-05-01T22:44:19+08:00 ] 175.154.100.246 /Public/kindeditor/plugins/prettify.js
INFO: [ app_init ] --START--
INFO: Run Behavior\BuildLiteBehavior [ RunTime:0.000000s ]
INFO: [ app_init ] --END-- [ RunTime:0.000000s ]
ERR: 娉杞芥ā:Public

[ 2016-05-01T22:44:31+08:00 ] 175.154.100.246 /favicon.ico
INFO: [ app_init ] --START--
INFO: Run Behavior\BuildLiteBehavior [ RunTime:0.000000s ]
INFO: [ app_init ] --END-- [ RunTime:0.000000s ]
ERR: 娉杞芥ā:Favicon

[ 2016-05-01T22:44:40+08:00 ] 175.154.100.246 /￥2717.80 _ 【火币】虚拟货币交易_比特币交易平台_虚拟币莱特币_比特币官网_files/page_glb_var.js
INFO: [ app_init ] --START--
INFO: Run Behavior\BuildLiteBehavior [ RunTime:0.000000s ]
INFO: [ app_init ] --END-- [ RunTime:0.000000s ]
ERR: 娉杞芥ā:￥2717.80 _ 【火币】虚拟货币交易_比特币交易平台_虚拟币莱特币_比特币官网_files

[ 2016-05-01T22:44:41+08:00 ] 175.154.100.246 /Public/Home/js/dist/page_index.js
INFO: [ app_init ] --START--
INFO: Run Behavior\BuildLiteBehavior [ RunTime:0.000000s ]
INFO: [ app_init ] --END-- [ RunTime:0.000000s ]
ERR: 娉杞芥ā:Public

[ 2016-05-01T22:45:06+08:00 ] 175.154.100.246 /images/jubi/zhuce.png
INFO: [ app_init ] --START--
INFO: Run Behavior\BuildLiteBehavior [ RunTime:0.000000s ]
INFO: [ app_init ] --END-- [ RunTime:0.000000s ]
ERR: 娉杞芥ā:Images

[ 2016-05-01T22:45:18+08:00 ] 175.11.151.187 /images/jubi/zhuce.png
INFO: [ app_init ] --START--
INFO: Run Behavior\BuildLiteBehavior [ RunTime:0.000000s ]
INFO: [ app_init ] --END-- [ RunTime:0.000000s ]
ERR: 娉杞芥ā:Images

[ 2016-05-01T22:58:02+08:00 ] 175.154.100.246 /favicon.ico
INFO: [ app_init ] --START--
INFO: Run Behavior\BuildLiteBehavior [ RunTime:0.000000s ]
INFO: [ app_init ] --END-- [ RunTime:0.000000s ]
ERR: 娉杞芥ā:Favicon

[ 2016-05-01T23:08:57+08:00 ] 175.154.100.246 /favicon.ico
INFO: [ app_init ] --START--
INFO: Run Behavior\BuildLiteBehavior [ RunTime:0.000000s ]
INFO: [ app_init ] --END-- [ RunTime:0.000000s ]
ERR: 娉杞芥ā:Favicon

[ 2016-05-01T23:53:44+08:00 ] 175.154.100.246 /favicon.ico
INFO: [ app_init ] --START--
INFO: Run Behavior\BuildLiteBehavior [ RunTime:0.000000s ]
INFO: [ app_init ] --END-- [ RunTime:0.000000s ]
ERR: 娉杞芥ā:Favicon

