[ 2016-04-30T00:10:47+08:00 ] 175.154.100.246 /favicon.ico
INFO: [ app_init ] --START--
INFO: Run Behavior\BuildLiteBehavior [ RunTime:0.000000s ]
INFO: [ app_init ] --END-- [ RunTime:0.000000s ]
ERR: 娉杞芥ā:Favicon

[ 2016-04-30T01:10:40+08:00 ] 175.154.100.246 /favicon.ico
INFO: [ app_init ] --START--
INFO: Run Behavior\BuildLiteBehavior [ RunTime:0.000000s ]
INFO: [ app_init ] --END-- [ RunTime:0.000000s ]
ERR: 娉杞芥ā:Favicon

[ 2016-04-30T01:31:24+08:00 ] 175.154.100.246 /favicon.ico
INFO: [ app_init ] --START--
INFO: Run Behavior\BuildLiteBehavior [ RunTime:0.000000s ]
INFO: [ app_init ] --END-- [ RunTime:0.000000s ]
ERR: 娉杞芥ā:Favicon

[ 2016-04-30T01:42:38+08:00 ] 175.154.100.246 /favicon.ico
INFO: [ app_init ] --START--
INFO: Run Behavior\BuildLiteBehavior [ RunTime:0.000000s ]
INFO: [ app_init ] --END-- [ RunTime:0.000000s ]
ERR: 娉杞芥ā:Favicon

[ 2016-04-30T09:09:22+08:00 ] 113.233.92.140 /favicon.ico
INFO: [ app_init ] --START--
INFO: Run Behavior\BuildLiteBehavior [ RunTime:0.000000s ]
INFO: [ app_init ] --END-- [ RunTime:0.000000s ]
ERR: 娉杞芥ā:Favicon

[ 2016-04-30T09:09:22+08:00 ] 113.233.92.140 /favicon.ico
INFO: [ app_init ] --START--
INFO: Run Behavior\BuildLiteBehavior [ RunTime:0.000000s ]
INFO: [ app_init ] --END-- [ RunTime:0.000000s ]
ERR: 娉杞芥ā:Favicon

[ 2016-04-30T09:09:49+08:00 ] 113.233.92.140 /Public/Admin/iconfont/iconfont/iconfont.woff?t=1458976880
INFO: [ app_init ] --START--
INFO: Run Behavior\BuildLiteBehavior [ RunTime:0.000000s ]
INFO: [ app_init ] --END-- [ RunTime:0.000000s ]
ERR: 娉杞芥ā:Public

[ 2016-04-30T09:11:33+08:00 ] 113.233.92.140 /Public/Admin/iconfont/iconfont/iconfont.woff?t=1458976880
INFO: [ app_init ] --START--
INFO: Run Behavior\BuildLiteBehavior [ RunTime:0.000000s ]
INFO: [ app_init ] --END-- [ RunTime:0.000000s ]
ERR: 娉杞芥ā:Public

[ 2016-04-30T09:11:58+08:00 ] 113.233.92.140 /Public/Admin/iconfont/iconfont/iconfont.woff?t=1458976880
INFO: [ app_init ] --START--
INFO: Run Behavior\BuildLiteBehavior [ RunTime:0.000000s ]
INFO: [ app_init ] --END-- [ RunTime:0.000000s ]
ERR: 娉杞芥ā:Public

[ 2016-04-30T09:11:58+08:00 ] 113.233.92.140 /Public/kindeditor/plugins/prettify.js
INFO: [ app_init ] --START--
INFO: Run Behavior\BuildLiteBehavior [ RunTime:0.000000s ]
INFO: [ app_init ] --END-- [ RunTime:0.000000s ]
ERR: 娉杞芥ā:Public

[ 2016-04-30T09:31:02+08:00 ] 113.233.92.140 /favicon.ico
INFO: [ app_init ] --START--
INFO: Run Behavior\BuildLiteBehavior [ RunTime:0.000000s ]
INFO: [ app_init ] --END-- [ RunTime:0.000000s ]
ERR: 娉杞芥ā:Favicon

[ 2016-04-30T09:31:03+08:00 ] 113.233.92.140 /favicon.ico
INFO: [ app_init ] --START--
INFO: Run Behavior\BuildLiteBehavior [ RunTime:0.000000s ]
INFO: [ app_init ] --END-- [ RunTime:0.000000s ]
ERR: 娉杞芥ā:Favicon

[ 2016-04-30T09:31:23+08:00 ] 113.233.92.140 /Public/Admin/iconfont/iconfont/iconfont.woff?t=1458976880
INFO: [ app_init ] --START--
INFO: Run Behavior\BuildLiteBehavior [ RunTime:0.000000s ]
INFO: [ app_init ] --END-- [ RunTime:0.000000s ]
ERR: 娉杞芥ā:Public

[ 2016-04-30T09:32:31+08:00 ] 113.233.92.140 /Public/Admin/iconfont/iconfont/iconfont.woff?t=1458976880
INFO: [ app_init ] --START--
INFO: Run Behavior\BuildLiteBehavior [ RunTime:0.000000s ]
INFO: [ app_init ] --END-- [ RunTime:0.000000s ]
ERR: 娉杞芥ā:Public

[ 2016-04-30T09:38:40+08:00 ] 113.233.92.140 /favicon.ico
INFO: [ app_init ] --START--
INFO: Run Behavior\BuildLiteBehavior [ RunTime:0.000000s ]
INFO: [ app_init ] --END-- [ RunTime:0.015625s ]
ERR: 娉杞芥ā:Favicon

[ 2016-04-30T09:42:22+08:00 ] 111.161.17.65 /favicon.ico
INFO: [ app_init ] --START--
INFO: Run Behavior\BuildLiteBehavior [ RunTime:0.000000s ]
INFO: [ app_init ] --END-- [ RunTime:0.000000s ]
ERR: 娉杞芥ā:Favicon

[ 2016-04-30T09:43:02+08:00 ] 111.161.17.65 /￥2717.80 _ 【火币】虚拟货币交易_比特币交易平台_虚拟币莱特币_比特币官网_files/page_glb_var.js
INFO: [ app_init ] --START--
INFO: Run Behavior\BuildLiteBehavior [ RunTime:0.000000s ]
INFO: [ app_init ] --END-- [ RunTime:0.000000s ]
ERR: 娉杞芥ā:￥2717.80 _ 【火币】虚拟货币交易_比特币交易平台_虚拟币莱特币_比特币官网_files

[ 2016-04-30T09:43:03+08:00 ] 111.161.17.65 /Public/Home/js/dist/page_index.js
INFO: [ app_init ] --START--
INFO: Run Behavior\BuildLiteBehavior [ RunTime:0.000000s ]
INFO: [ app_init ] --END-- [ RunTime:0.000000s ]
ERR: 娉杞芥ā:Public

[ 2016-04-30T09:43:07+08:00 ] 111.161.17.65 /favicon.ico
INFO: [ app_init ] --START--
INFO: Run Behavior\BuildLiteBehavior [ RunTime:0.000000s ]
INFO: [ app_init ] --END-- [ RunTime:0.000000s ]
ERR: 娉杞芥ā:Favicon

[ 2016-04-30T09:47:13+08:00 ] 111.161.17.65 /Public/Admin/iconfont/iconfont/iconfont.woff?t=1458976880
INFO: [ app_init ] --START--
INFO: Run Behavior\BuildLiteBehavior [ RunTime:0.000000s ]
INFO: [ app_init ] --END-- [ RunTime:0.000000s ]
ERR: 娉杞芥ā:Public

[ 2016-04-30T09:47:13+08:00 ] 111.161.17.65 /favicon.ico
INFO: [ app_init ] --START--
INFO: Run Behavior\BuildLiteBehavior [ RunTime:0.000000s ]
INFO: [ app_init ] --END-- [ RunTime:0.000000s ]
ERR: 娉杞芥ā:Favicon

[ 2016-04-30T09:47:15+08:00 ] 111.161.17.65 /favicon.ico
INFO: [ app_init ] --START--
INFO: Run Behavior\BuildLiteBehavior [ RunTime:0.000000s ]
INFO: [ app_init ] --END-- [ RunTime:0.000000s ]
ERR: 娉杞芥ā:Favicon

[ 2016-04-30T09:47:18+08:00 ] 111.161.17.65 /favicon.ico
INFO: [ app_init ] --START--
INFO: Run Behavior\BuildLiteBehavior [ RunTime:0.000000s ]
INFO: [ app_init ] --END-- [ RunTime:0.000000s ]
ERR: 娉杞芥ā:Favicon

[ 2016-04-30T09:47:22+08:00 ] 111.161.17.65 /Public/kindeditor/plugins/prettify.js
INFO: [ app_init ] --START--
INFO: Run Behavior\BuildLiteBehavior [ RunTime:0.000000s ]
INFO: [ app_init ] --END-- [ RunTime:0.000000s ]
ERR: 娉杞芥ā:Public

[ 2016-04-30T09:47:23+08:00 ] 111.161.17.65 /favicon.ico
INFO: [ app_init ] --START--
INFO: Run Behavior\BuildLiteBehavior [ RunTime:0.000000s ]
INFO: [ app_init ] --END-- [ RunTime:0.000000s ]
ERR: 娉杞芥ā:Favicon

[ 2016-04-30T09:47:27+08:00 ] 111.161.17.65 /favicon.ico
INFO: [ app_init ] --START--
INFO: Run Behavior\BuildLiteBehavior [ RunTime:0.000000s ]
INFO: [ app_init ] --END-- [ RunTime:0.000000s ]
ERR: 娉杞芥ā:Favicon

[ 2016-04-30T09:47:43+08:00 ] 111.161.17.65 /favicon.ico
INFO: [ app_init ] --START--
INFO: Run Behavior\BuildLiteBehavior [ RunTime:0.000000s ]
INFO: [ app_init ] --END-- [ RunTime:0.000000s ]
ERR: 娉杞芥ā:Favicon

[ 2016-04-30T09:47:49+08:00 ] 111.161.17.65 /favicon.ico
INFO: [ app_init ] --START--
INFO: Run Behavior\BuildLiteBehavior [ RunTime:0.000000s ]
INFO: [ app_init ] --END-- [ RunTime:0.000000s ]
ERR: 娉杞芥ā:Favicon

[ 2016-04-30T09:47:52+08:00 ] 111.161.17.65 /favicon.ico
INFO: [ app_init ] --START--
INFO: Run Behavior\BuildLiteBehavior [ RunTime:0.000000s ]
INFO: [ app_init ] --END-- [ RunTime:0.000000s ]
ERR: 娉杞芥ā:Favicon

[ 2016-04-30T09:48:05+08:00 ] 111.161.17.65 /favicon.ico
INFO: [ app_init ] --START--
INFO: Run Behavior\BuildLiteBehavior [ RunTime:0.000000s ]
INFO: [ app_init ] --END-- [ RunTime:0.000000s ]
ERR: 娉杞芥ā:Favicon

[ 2016-04-30T09:49:37+08:00 ] 111.161.17.65 /favicon.ico
INFO: [ app_init ] --START--
INFO: Run Behavior\BuildLiteBehavior [ RunTime:0.000000s ]
INFO: [ app_init ] --END-- [ RunTime:0.000000s ]
ERR: 娉杞芥ā:Favicon

[ 2016-04-30T09:49:40+08:00 ] 111.161.17.65 /favicon.ico
INFO: [ app_init ] --START--
INFO: Run Behavior\BuildLiteBehavior [ RunTime:0.000000s ]
INFO: [ app_init ] --END-- [ RunTime:0.000000s ]
ERR: 娉杞芥ā:Favicon

[ 2016-04-30T09:49:43+08:00 ] 111.161.17.65 /favicon.ico
INFO: [ app_init ] --START--
INFO: Run Behavior\BuildLiteBehavior [ RunTime:0.000000s ]
INFO: [ app_init ] --END-- [ RunTime:0.000000s ]
ERR: 娉杞芥ā:Favicon

[ 2016-04-30T09:49:49+08:00 ] 111.161.17.65 /favicon.ico
INFO: [ app_init ] --START--
INFO: Run Behavior\BuildLiteBehavior [ RunTime:0.000000s ]
INFO: [ app_init ] --END-- [ RunTime:0.000000s ]
ERR: 娉杞芥ā:Favicon

[ 2016-04-30T09:49:52+08:00 ] 111.161.17.65 /favicon.ico
INFO: [ app_init ] --START--
INFO: Run Behavior\BuildLiteBehavior [ RunTime:0.000000s ]
INFO: [ app_init ] --END-- [ RunTime:0.000000s ]
ERR: 娉杞芥ā:Favicon

[ 2016-04-30T09:50:01+08:00 ] 111.161.17.65 /favicon.ico
INFO: [ app_init ] --START--
INFO: Run Behavior\BuildLiteBehavior [ RunTime:0.000000s ]
INFO: [ app_init ] --END-- [ RunTime:0.000000s ]
ERR: 娉杞芥ā:Favicon

[ 2016-04-30T09:50:04+08:00 ] 111.161.17.65 /favicon.ico
INFO: [ app_init ] --START--
INFO: Run Behavior\BuildLiteBehavior [ RunTime:0.000000s ]
INFO: [ app_init ] --END-- [ RunTime:0.000000s ]
ERR: 娉杞芥ā:Favicon

[ 2016-04-30T09:50:10+08:00 ] 111.161.17.65 /favicon.ico
INFO: [ app_init ] --START--
INFO: Run Behavior\BuildLiteBehavior [ RunTime:0.000000s ]
INFO: [ app_init ] --END-- [ RunTime:0.000000s ]
ERR: 娉杞芥ā:Favicon

[ 2016-04-30T09:50:12+08:00 ] 111.161.17.65 /favicon.ico
INFO: [ app_init ] --START--
INFO: Run Behavior\BuildLiteBehavior [ RunTime:0.000000s ]
INFO: [ app_init ] --END-- [ RunTime:0.000000s ]
ERR: 娉杞芥ā:Favicon

[ 2016-04-30T09:50:17+08:00 ] 111.161.17.65 /favicon.ico
INFO: [ app_init ] --START--
INFO: Run Behavior\BuildLiteBehavior [ RunTime:0.000000s ]
INFO: [ app_init ] --END-- [ RunTime:0.000000s ]
ERR: 娉杞芥ā:Favicon

[ 2016-04-30T09:50:24+08:00 ] 111.161.17.65 /favicon.ico
INFO: [ app_init ] --START--
INFO: Run Behavior\BuildLiteBehavior [ RunTime:0.000000s ]
INFO: [ app_init ] --END-- [ RunTime:0.000000s ]
ERR: 娉杞芥ā:Favicon

[ 2016-04-30T09:50:35+08:00 ] 111.161.17.65 /favicon.ico
INFO: [ app_init ] --START--
INFO: Run Behavior\BuildLiteBehavior [ RunTime:0.000000s ]
INFO: [ app_init ] --END-- [ RunTime:0.000000s ]
ERR: 娉杞芥ā:Favicon

[ 2016-04-30T09:50:40+08:00 ] 111.161.17.65 /favicon.ico
INFO: [ app_init ] --START--
INFO: Run Behavior\BuildLiteBehavior [ RunTime:0.000000s ]
INFO: [ app_init ] --END-- [ RunTime:0.000000s ]
ERR: 娉杞芥ā:Favicon

[ 2016-04-30T09:50:47+08:00 ] 111.161.17.65 /favicon.ico
INFO: [ app_init ] --START--
INFO: Run Behavior\BuildLiteBehavior [ RunTime:0.000000s ]
INFO: [ app_init ] --END-- [ RunTime:0.000000s ]
ERR: 娉杞芥ā:Favicon

[ 2016-04-30T09:50:54+08:00 ] 111.161.17.65 /favicon.ico
INFO: [ app_init ] --START--
INFO: Run Behavior\BuildLiteBehavior [ RunTime:0.000000s ]
INFO: [ app_init ] --END-- [ RunTime:0.000000s ]
ERR: 娉杞芥ā:Favicon

[ 2016-04-30T09:59:54+08:00 ] 121.15.114.158 /favicon.ico
INFO: [ app_init ] --START--
INFO: Run Behavior\BuildLiteBehavior [ RunTime:0.000000s ]
INFO: [ app_init ] --END-- [ RunTime:0.000000s ]
ERR: 娉杞芥ā:Favicon

[ 2016-04-30T12:23:54+08:00 ] 111.22.8.160 /favicon.ico
INFO: [ app_init ] --START--
INFO: Run Behavior\BuildLiteBehavior [ RunTime:0.000000s ]
INFO: [ app_init ] --END-- [ RunTime:0.015625s ]
ERR: 娉杞芥ā:Favicon

[ 2016-04-30T12:24:01+08:00 ] 111.22.8.160 /￥2717.80 _ 【火币】虚拟货币交易_比特币交易平台_虚拟币莱特币_比特币官网_files/page_glb_var.js
INFO: [ app_init ] --START--
INFO: Run Behavior\BuildLiteBehavior [ RunTime:0.000000s ]
INFO: [ app_init ] --END-- [ RunTime:0.000000s ]
ERR: 娉杞芥ā:￥2717.80 _ 【火币】虚拟货币交易_比特币交易平台_虚拟币莱特币_比特币官网_files

[ 2016-04-30T12:24:02+08:00 ] 111.22.8.160 /￥2717.80 _ 【火币】虚拟货币交易_比特币交易平台_虚拟币莱特币_比特币官网_files/page_glb_var.js
INFO: [ app_init ] --START--
INFO: Run Behavior\BuildLiteBehavior [ RunTime:0.000000s ]
INFO: [ app_init ] --END-- [ RunTime:0.000000s ]
ERR: 娉杞芥ā:￥2717.80 _ 【火币】虚拟货币交易_比特币交易平台_虚拟币莱特币_比特币官网_files

[ 2016-04-30T12:24:03+08:00 ] 111.22.8.160 /Public/Home/js/dist/page_index.js
INFO: [ app_init ] --START--
INFO: Run Behavior\BuildLiteBehavior [ RunTime:0.000000s ]
INFO: [ app_init ] --END-- [ RunTime:0.000000s ]
ERR: 娉杞芥ā:Public

[ 2016-04-30T12:25:00+08:00 ] 111.22.8.160 /favicon.ico
INFO: [ app_init ] --START--
INFO: Run Behavior\BuildLiteBehavior [ RunTime:0.000000s ]
INFO: [ app_init ] --END-- [ RunTime:0.000000s ]
ERR: 娉杞芥ā:Favicon

[ 2016-04-30T12:25:10+08:00 ] 111.22.8.160 /favicon.ico
INFO: [ app_init ] --START--
INFO: Run Behavior\BuildLiteBehavior [ RunTime:0.000000s ]
INFO: [ app_init ] --END-- [ RunTime:0.000000s ]
ERR: 娉杞芥ā:Favicon

[ 2016-04-30T12:25:17+08:00 ] 111.22.8.160 /favicon.ico
INFO: [ app_init ] --START--
INFO: Run Behavior\BuildLiteBehavior [ RunTime:0.000000s ]
INFO: [ app_init ] --END-- [ RunTime:0.000000s ]
ERR: 娉杞芥ā:Favicon

[ 2016-04-30T12:25:23+08:00 ] 111.22.8.160 /favicon.ico
INFO: [ app_init ] --START--
INFO: Run Behavior\BuildLiteBehavior [ RunTime:0.000000s ]
INFO: [ app_init ] --END-- [ RunTime:0.015625s ]
ERR: 娉杞芥ā:Favicon

[ 2016-04-30T12:25:30+08:00 ] 111.22.8.160 /favicon.ico
INFO: [ app_init ] --START--
INFO: Run Behavior\BuildLiteBehavior [ RunTime:0.000000s ]
INFO: [ app_init ] --END-- [ RunTime:0.000000s ]
ERR: 娉杞芥ā:Favicon

[ 2016-04-30T12:25:55+08:00 ] 111.22.8.160 /images/jubi/zhuce.png
INFO: [ app_init ] --START--
INFO: Run Behavior\BuildLiteBehavior [ RunTime:0.000000s ]
INFO: [ app_init ] --END-- [ RunTime:0.000000s ]
ERR: 娉杞芥ā:Images

[ 2016-04-30T12:25:55+08:00 ] 111.22.8.160 /favicon.ico
INFO: [ app_init ] --START--
INFO: Run Behavior\BuildLiteBehavior [ RunTime:0.000000s ]
INFO: [ app_init ] --END-- [ RunTime:0.015625s ]
ERR: 娉杞芥ā:Favicon

[ 2016-04-30T12:26:05+08:00 ] 111.22.8.160 /favicon.ico
INFO: [ app_init ] --START--
INFO: Run Behavior\BuildLiteBehavior [ RunTime:0.000000s ]
INFO: [ app_init ] --END-- [ RunTime:0.000000s ]
ERR: 娉杞芥ā:Favicon

[ 2016-04-30T12:26:11+08:00 ] 111.22.8.160 /admin1
INFO: [ app_init ] --START--
INFO: Run Behavior\BuildLiteBehavior [ RunTime:0.000000s ]
INFO: [ app_init ] --END-- [ RunTime:0.000000s ]
ERR: 娉杞芥ā:Admin1

[ 2016-04-30T12:26:11+08:00 ] 111.22.8.160 /favicon.ico
INFO: [ app_init ] --START--
INFO: Run Behavior\BuildLiteBehavior [ RunTime:0.000000s ]
INFO: [ app_init ] --END-- [ RunTime:0.000000s ]
ERR: 娉杞芥ā:Favicon

[ 2016-04-30T12:26:18+08:00 ] 111.22.8.160 /favicon.ico
INFO: [ app_init ] --START--
INFO: Run Behavior\BuildLiteBehavior [ RunTime:0.000000s ]
INFO: [ app_init ] --END-- [ RunTime:0.000000s ]
ERR: 娉杞芥ā:Favicon

[ 2016-04-30T12:26:35+08:00 ] 111.22.8.160 /Public/Admin/iconfont/iconfont/iconfont.woff?t=1458976880
INFO: [ app_init ] --START--
INFO: Run Behavior\BuildLiteBehavior [ RunTime:0.000000s ]
INFO: [ app_init ] --END-- [ RunTime:0.000000s ]
ERR: 娉杞芥ā:Public

[ 2016-04-30T12:26:36+08:00 ] 111.22.8.160 /favicon.ico
INFO: [ app_init ] --START--
INFO: Run Behavior\BuildLiteBehavior [ RunTime:0.000000s ]
INFO: [ app_init ] --END-- [ RunTime:0.000000s ]
ERR: 娉杞芥ā:Favicon

[ 2016-04-30T12:27:25+08:00 ] 111.22.8.160 /favicon.ico
INFO: [ app_init ] --START--
INFO: Run Behavior\BuildLiteBehavior [ RunTime:0.000000s ]
INFO: [ app_init ] --END-- [ RunTime:0.000000s ]
ERR: 娉杞芥ā:Favicon

[ 2016-04-30T12:27:27+08:00 ] 111.22.8.160 /Public/Admin/iconfont/iconfont/iconfont.woff?t=1458976880
INFO: [ app_init ] --START--
INFO: Run Behavior\BuildLiteBehavior [ RunTime:0.000000s ]
INFO: [ app_init ] --END-- [ RunTime:0.000000s ]
ERR: 娉杞芥ā:Public

[ 2016-04-30T12:27:27+08:00 ] 111.22.8.160 /favicon.ico
INFO: [ app_init ] --START--
INFO: Run Behavior\BuildLiteBehavior [ RunTime:0.000000s ]
INFO: [ app_init ] --END-- [ RunTime:0.000000s ]
ERR: 娉杞芥ā:Favicon

[ 2016-04-30T12:27:32+08:00 ] 111.22.8.160 /Public/Admin/iconfont/iconfont/iconfont.woff?t=1458976880
INFO: [ app_init ] --START--
INFO: Run Behavior\BuildLiteBehavior [ RunTime:0.000000s ]
INFO: [ app_init ] --END-- [ RunTime:0.015625s ]
ERR: 娉杞芥ā:Public

[ 2016-04-30T12:27:32+08:00 ] 111.22.8.160 /Public/kindeditor/plugins/prettify.js
INFO: [ app_init ] --START--
INFO: Run Behavior\BuildLiteBehavior [ RunTime:0.000000s ]
INFO: [ app_init ] --END-- [ RunTime:0.000000s ]
ERR: 娉杞芥ā:Public

[ 2016-04-30T12:27:33+08:00 ] 111.22.8.160 /Public/kindeditor/plugins/prettify.js
INFO: [ app_init ] --START--
INFO: Run Behavior\BuildLiteBehavior [ RunTime:0.000000s ]
INFO: [ app_init ] --END-- [ RunTime:0.000000s ]
ERR: 娉杞芥ā:Public

[ 2016-04-30T12:27:33+08:00 ] 111.22.8.160 /favicon.ico
INFO: [ app_init ] --START--
INFO: Run Behavior\BuildLiteBehavior [ RunTime:0.000000s ]
INFO: [ app_init ] --END-- [ RunTime:0.000000s ]
ERR: 娉杞芥ā:Favicon

[ 2016-04-30T12:27:47+08:00 ] 111.22.8.160 /favicon.ico
INFO: [ app_init ] --START--
INFO: Run Behavior\BuildLiteBehavior [ RunTime:0.000000s ]
INFO: [ app_init ] --END-- [ RunTime:0.000000s ]
ERR: 娉杞芥ā:Favicon

[ 2016-04-30T12:27:49+08:00 ] 111.22.8.160 /Public/Admin/iconfont/iconfont/iconfont.woff?t=1458976880
INFO: [ app_init ] --START--
INFO: Run Behavior\BuildLiteBehavior [ RunTime:0.000000s ]
INFO: [ app_init ] --END-- [ RunTime:0.000000s ]
ERR: 娉杞芥ā:Public

[ 2016-04-30T12:27:49+08:00 ] 111.22.8.160 /favicon.ico
INFO: [ app_init ] --START--
INFO: Run Behavior\BuildLiteBehavior [ RunTime:0.000000s ]
INFO: [ app_init ] --END-- [ RunTime:0.000000s ]
ERR: 娉杞芥ā:Favicon

[ 2016-04-30T12:27:53+08:00 ] 111.22.8.160 /Public/Admin/iconfont/iconfont/iconfont.woff?t=1458976880
INFO: [ app_init ] --START--
INFO: Run Behavior\BuildLiteBehavior [ RunTime:0.000000s ]
INFO: [ app_init ] --END-- [ RunTime:0.000000s ]
ERR: 娉杞芥ā:Public

[ 2016-04-30T12:27:53+08:00 ] 111.22.8.160 /favicon.ico
INFO: [ app_init ] --START--
INFO: Run Behavior\BuildLiteBehavior [ RunTime:0.000000s ]
INFO: [ app_init ] --END-- [ RunTime:0.000000s ]
ERR: 娉杞芥ā:Favicon

[ 2016-04-30T12:27:54+08:00 ] 111.22.8.160 /favicon.ico
INFO: [ app_init ] --START--
INFO: Run Behavior\BuildLiteBehavior [ RunTime:0.000000s ]
INFO: [ app_init ] --END-- [ RunTime:0.000000s ]
ERR: 娉杞芥ā:Favicon

[ 2016-04-30T12:27:57+08:00 ] 111.22.8.160 /Public/Admin/iconfont/iconfont/iconfont.woff?t=1458976880
INFO: [ app_init ] --START--
INFO: Run Behavior\BuildLiteBehavior [ RunTime:0.000000s ]
INFO: [ app_init ] --END-- [ RunTime:0.000000s ]
ERR: 娉杞芥ā:Public

[ 2016-04-30T12:27:57+08:00 ] 111.22.8.160 /favicon.ico
INFO: [ app_init ] --START--
INFO: Run Behavior\BuildLiteBehavior [ RunTime:0.000000s ]
INFO: [ app_init ] --END-- [ RunTime:0.000000s ]
ERR: 娉杞芥ā:Favicon

[ 2016-04-30T12:28:06+08:00 ] 111.22.8.160 /favicon.ico
INFO: [ app_init ] --START--
INFO: Run Behavior\BuildLiteBehavior [ RunTime:0.000000s ]
INFO: [ app_init ] --END-- [ RunTime:0.015625s ]
ERR: 娉杞芥ā:Favicon

[ 2016-04-30T12:28:09+08:00 ] 111.22.8.160 /Public/Admin/iconfont/iconfont/iconfont.woff?t=1458976880
INFO: [ app_init ] --START--
INFO: Run Behavior\BuildLiteBehavior [ RunTime:0.000000s ]
INFO: [ app_init ] --END-- [ RunTime:0.000000s ]
ERR: 娉杞芥ā:Public

[ 2016-04-30T12:28:09+08:00 ] 111.22.8.160 /favicon.ico
INFO: [ app_init ] --START--
INFO: Run Behavior\BuildLiteBehavior [ RunTime:0.000000s ]
INFO: [ app_init ] --END-- [ RunTime:0.000000s ]
ERR: 娉杞芥ā:Favicon

[ 2016-04-30T12:28:28+08:00 ] 111.22.8.160 /favicon.ico
INFO: [ app_init ] --START--
INFO: Run Behavior\BuildLiteBehavior [ RunTime:0.000000s ]
INFO: [ app_init ] --END-- [ RunTime:0.000000s ]
ERR: 娉杞芥ā:Favicon

[ 2016-04-30T12:28:30+08:00 ] 111.22.8.160 /favicon.ico
INFO: [ app_init ] --START--
INFO: Run Behavior\BuildLiteBehavior [ RunTime:0.000000s ]
INFO: [ app_init ] --END-- [ RunTime:0.000000s ]
ERR: 娉杞芥ā:Favicon

[ 2016-04-30T12:28:32+08:00 ] 111.22.8.160 /favicon.ico
INFO: [ app_init ] --START--
INFO: Run Behavior\BuildLiteBehavior [ RunTime:0.000000s ]
INFO: [ app_init ] --END-- [ RunTime:0.000000s ]
ERR: 娉杞芥ā:Favicon

[ 2016-04-30T12:28:34+08:00 ] 111.22.8.160 /favicon.ico
INFO: [ app_init ] --START--
INFO: Run Behavior\BuildLiteBehavior [ RunTime:0.000000s ]
INFO: [ app_init ] --END-- [ RunTime:0.000000s ]
ERR: 娉杞芥ā:Favicon

[ 2016-04-30T12:29:07+08:00 ] 111.22.8.160 /Public/Admin/iconfont/iconfont/iconfont.woff?t=1458976880
INFO: [ app_init ] --START--
INFO: Run Behavior\BuildLiteBehavior [ RunTime:0.000000s ]
INFO: [ app_init ] --END-- [ RunTime:0.000000s ]
ERR: 娉杞芥ā:Public

[ 2016-04-30T12:29:07+08:00 ] 111.22.8.160 /favicon.ico
INFO: [ app_init ] --START--
INFO: Run Behavior\BuildLiteBehavior [ RunTime:0.000000s ]
INFO: [ app_init ] --END-- [ RunTime:0.000000s ]
ERR: 娉杞芥ā:Favicon

[ 2016-04-30T15:34:28+08:00 ] 111.22.8.160 /favicon.ico
INFO: [ app_init ] --START--
INFO: Run Behavior\BuildLiteBehavior [ RunTime:0.000000s ]
INFO: [ app_init ] --END-- [ RunTime:0.000000s ]
ERR: 娉杞芥ā:Favicon

[ 2016-04-30T15:34:54+08:00 ] 111.22.8.160 /￥2717.80 _ 【火币】虚拟货币交易_比特币交易平台_虚拟币莱特币_比特币官网_files/page_glb_var.js
INFO: [ app_init ] --START--
INFO: Run Behavior\BuildLiteBehavior [ RunTime:0.000000s ]
INFO: [ app_init ] --END-- [ RunTime:0.000000s ]
ERR: 娉杞芥ā:￥2717.80 _ 【火币】虚拟货币交易_比特币交易平台_虚拟币莱特币_比特币官网_files

[ 2016-04-30T15:35:04+08:00 ] 111.22.8.160 /￥2717.80 _ 【火币】虚拟货币交易_比特币交易平台_虚拟币莱特币_比特币官网_files/page_glb_var.js
INFO: [ app_init ] --START--
INFO: Run Behavior\BuildLiteBehavior [ RunTime:0.000000s ]
INFO: [ app_init ] --END-- [ RunTime:0.015625s ]
ERR: 娉杞芥ā:￥2717.80 _ 【火币】虚拟货币交易_比特币交易平台_虚拟币莱特币_比特币官网_files

[ 2016-04-30T15:35:23+08:00 ] 111.22.8.160 /favicon.ico
INFO: [ app_init ] --START--
INFO: Run Behavior\BuildLiteBehavior [ RunTime:0.000000s ]
INFO: [ app_init ] --END-- [ RunTime:0.000000s ]
ERR: 娉杞芥ā:Favicon

[ 2016-04-30T15:35:45+08:00 ] 111.22.8.160 /Public/Admin/iconfont/iconfont/iconfont.woff?t=1458976880
INFO: [ app_init ] --START--
INFO: Run Behavior\BuildLiteBehavior [ RunTime:0.000000s ]
INFO: [ app_init ] --END-- [ RunTime:0.000000s ]
ERR: 娉杞芥ā:Public

[ 2016-04-30T15:35:59+08:00 ] 111.22.8.160 /favicon.ico
INFO: [ app_init ] --START--
INFO: Run Behavior\BuildLiteBehavior [ RunTime:0.000000s ]
INFO: [ app_init ] --END-- [ RunTime:0.000000s ]
ERR: 娉杞芥ā:Favicon

[ 2016-04-30T15:36:14+08:00 ] 111.22.8.160 /Public/Admin/iconfont/iconfont/iconfont.woff?t=1458976880
INFO: [ app_init ] --START--
INFO: Run Behavior\BuildLiteBehavior [ RunTime:0.000000s ]
INFO: [ app_init ] --END-- [ RunTime:0.000000s ]
ERR: 娉杞芥ā:Public

[ 2016-04-30T15:36:17+08:00 ] 111.22.8.160 /favicon.ico
INFO: [ app_init ] --START--
INFO: Run Behavior\BuildLiteBehavior [ RunTime:0.000000s ]
INFO: [ app_init ] --END-- [ RunTime:0.000000s ]
ERR: 娉杞芥ā:Favicon

[ 2016-04-30T15:36:28+08:00 ] 111.22.8.160 /Public/Admin/iconfont/iconfont/iconfont.woff?t=1458976880
INFO: [ app_init ] --START--
INFO: Run Behavior\BuildLiteBehavior [ RunTime:0.000000s ]
INFO: [ app_init ] --END-- [ RunTime:0.000000s ]
ERR: 娉杞芥ā:Public

[ 2016-04-30T15:36:31+08:00 ] 111.22.8.160 /Public/kindeditor/plugins/prettify.js
INFO: [ app_init ] --START--
INFO: Run Behavior\BuildLiteBehavior [ RunTime:0.000000s ]
INFO: [ app_init ] --END-- [ RunTime:0.000000s ]
ERR: 娉杞芥ā:Public

[ 2016-04-30T15:36:32+08:00 ] 111.22.8.160 /favicon.ico
INFO: [ app_init ] --START--
INFO: Run Behavior\BuildLiteBehavior [ RunTime:0.000000s ]
INFO: [ app_init ] --END-- [ RunTime:0.000000s ]
ERR: 娉杞芥ā:Favicon

[ 2016-04-30T15:36:44+08:00 ] 111.22.8.160 /favicon.ico
INFO: [ app_init ] --START--
INFO: Run Behavior\BuildLiteBehavior [ RunTime:0.000000s ]
INFO: [ app_init ] --END-- [ RunTime:0.000000s ]
ERR: 娉杞芥ā:Favicon

[ 2016-04-30T17:38:45+08:00 ] 122.94.18.176 /favicon.ico
INFO: [ app_init ] --START--
INFO: Run Behavior\BuildLiteBehavior [ RunTime:0.000000s ]
INFO: [ app_init ] --END-- [ RunTime:0.000000s ]
ERR: 娉杞芥ā:Favicon

[ 2016-04-30T18:51:06+08:00 ] 111.161.17.65 /favicon.ico
INFO: [ app_init ] --START--
INFO: Run Behavior\BuildLiteBehavior [ RunTime:0.000000s ]
INFO: [ app_init ] --END-- [ RunTime:0.000000s ]
ERR: 娉杞芥ā:Favicon

[ 2016-04-30T18:52:52+08:00 ] 175.154.100.246 /favicon.ico
INFO: [ app_init ] --START--
INFO: Run Behavior\BuildLiteBehavior [ RunTime:0.000000s ]
INFO: [ app_init ] --END-- [ RunTime:0.000000s ]
ERR: 娉杞芥ā:Favicon

[ 2016-04-30T18:52:55+08:00 ] 175.154.100.246 /￥2717.80 _ 【火币】虚拟货币交易_比特币交易平台_虚拟币莱特币_比特币官网_files/page_glb_var.js
INFO: [ app_init ] --START--
INFO: Run Behavior\BuildLiteBehavior [ RunTime:0.000000s ]
INFO: [ app_init ] --END-- [ RunTime:0.000000s ]
ERR: 娉杞芥ā:￥2717.80 _ 【火币】虚拟货币交易_比特币交易平台_虚拟币莱特币_比特币官网_files

[ 2016-04-30T18:52:56+08:00 ] 175.154.100.246 /Public/Home/js/dist/page_index.js
INFO: [ app_init ] --START--
INFO: Run Behavior\BuildLiteBehavior [ RunTime:0.000000s ]
INFO: [ app_init ] --END-- [ RunTime:0.000000s ]
ERR: 娉杞芥ā:Public

[ 2016-04-30T18:52:57+08:00 ] 175.154.100.246 /favicon.ico
INFO: [ app_init ] --START--
INFO: Run Behavior\BuildLiteBehavior [ RunTime:0.000000s ]
INFO: [ app_init ] --END-- [ RunTime:0.000000s ]
ERR: 娉杞芥ā:Favicon

[ 2016-04-30T19:08:30+08:00 ] 175.154.100.246 /favicon.ico
INFO: [ app_init ] --START--
INFO: Run Behavior\BuildLiteBehavior [ RunTime:0.000000s ]
INFO: [ app_init ] --END-- [ RunTime:0.000000s ]
ERR: 娉杞芥ā:Favicon

[ 2016-04-30T19:19:39+08:00 ] 42.120.160.106 /ybcoin
INFO: [ app_init ] --START--
INFO: Run Behavior\BuildLiteBehavior [ RunTime:0.000000s ]
INFO: [ app_init ] --END-- [ RunTime:0.000000s ]
ERR: 娉杞芥ā:Ybcoin

[ 2016-04-30T19:19:41+08:00 ] 42.156.139.106 /www.baidu.com
INFO: [ app_init ] --START--
INFO: Run Behavior\BuildLiteBehavior [ RunTime:0.000000s ]
INFO: [ app_init ] --END-- [ RunTime:0.000000s ]
ERR: 娉杞芥ā:Www.baidu

[ 2016-04-30T21:01:11+08:00 ] 175.154.100.246 /favicon.ico
INFO: [ app_init ] --START--
INFO: Run Behavior\BuildLiteBehavior [ RunTime:0.000000s ]
INFO: [ app_init ] --END-- [ RunTime:0.000000s ]
ERR: 娉杞芥ā:Favicon

[ 2016-04-30T22:10:19+08:00 ] 175.154.100.246 /favicon.ico
INFO: [ app_init ] --START--
INFO: Run Behavior\BuildLiteBehavior [ RunTime:0.000000s ]
INFO: [ app_init ] --END-- [ RunTime:0.000000s ]
ERR: 娉杞芥ā:Favicon

[ 2016-04-30T22:36:23+08:00 ] 175.154.100.246 /favicon.ico
INFO: [ app_init ] --START--
INFO: Run Behavior\BuildLiteBehavior [ RunTime:0.000000s ]
INFO: [ app_init ] --END-- [ RunTime:0.015625s ]
ERR: 娉杞芥ā:Favicon

[ 2016-04-30T22:51:44+08:00 ] 175.154.100.246 /favicon.ico
INFO: [ app_init ] --START--
INFO: Run Behavior\BuildLiteBehavior [ RunTime:0.000000s ]
INFO: [ app_init ] --END-- [ RunTime:0.000000s ]
ERR: 娉杞芥ā:Favicon

[ 2016-04-30T23:07:31+08:00 ] 175.154.100.246 /favicon.ico
INFO: [ app_init ] --START--
INFO: Run Behavior\BuildLiteBehavior [ RunTime:0.000000s ]
INFO: [ app_init ] --END-- [ RunTime:0.000000s ]
ERR: 娉杞芥ā:Favicon

[ 2016-04-30T23:23:52+08:00 ] 175.154.100.246 /favicon.ico
INFO: [ app_init ] --START--
INFO: Run Behavior\BuildLiteBehavior [ RunTime:0.000000s ]
INFO: [ app_init ] --END-- [ RunTime:0.000000s ]
ERR: 娉杞芥ā:Favicon

